TimeQuest Timing Analyzer report for ULA_DISPLAY
Wed Dec 06 21:27:40 2023
Quartus II 64-Bit Version 13.0.1 Build 232 06/12/2013 Service Pack 1 SJ Web Edition


---------------------
; Table of Contents ;
---------------------
  1. Legal Notice
  2. TimeQuest Timing Analyzer Summary
  3. Parallel Compilation
  4. Clocks
  5. Slow 1200mV 85C Model Fmax Summary
  6. Timing Closure Recommendations
  7. Slow 1200mV 85C Model Setup Summary
  8. Slow 1200mV 85C Model Hold Summary
  9. Slow 1200mV 85C Model Recovery Summary
 10. Slow 1200mV 85C Model Removal Summary
 11. Slow 1200mV 85C Model Minimum Pulse Width Summary
 12. Propagation Delay
 13. Minimum Propagation Delay
 14. Slow 1200mV 85C Model Metastability Report
 15. Slow 1200mV 0C Model Fmax Summary
 16. Slow 1200mV 0C Model Setup Summary
 17. Slow 1200mV 0C Model Hold Summary
 18. Slow 1200mV 0C Model Recovery Summary
 19. Slow 1200mV 0C Model Removal Summary
 20. Slow 1200mV 0C Model Minimum Pulse Width Summary
 21. Propagation Delay
 22. Minimum Propagation Delay
 23. Slow 1200mV 0C Model Metastability Report
 24. Fast 1200mV 0C Model Setup Summary
 25. Fast 1200mV 0C Model Hold Summary
 26. Fast 1200mV 0C Model Recovery Summary
 27. Fast 1200mV 0C Model Removal Summary
 28. Fast 1200mV 0C Model Minimum Pulse Width Summary
 29. Propagation Delay
 30. Minimum Propagation Delay
 31. Fast 1200mV 0C Model Metastability Report
 32. Multicorner Timing Analysis Summary
 33. Progagation Delay
 34. Minimum Progagation Delay
 35. Board Trace Model Assignments
 36. Input Transition Times
 37. Slow Corner Signal Integrity Metrics
 38. Fast Corner Signal Integrity Metrics
 39. Clock Transfers
 40. Report TCCS
 41. Report RSKM
 42. Unconstrained Paths
 43. TimeQuest Timing Analyzer Messages



----------------
; Legal Notice ;
----------------
Copyright (C) 1991-2013 Altera Corporation
Your use of Altera Corporation's design tools, logic functions 
and other software and tools, and its AMPP partner logic 
functions, and any output files from any of the foregoing 
(including device programming or simulation files), and any 
associated documentation or information are expressly subject 
to the terms and conditions of the Altera Program License 
Subscription Agreement, Altera MegaCore Function License 
Agreement, or other applicable license agreement, including, 
without limitation, that your use is for the sole purpose of 
programming logic devices manufactured by Altera and sold by 
Altera or its authorized distributors.  Please refer to the 
applicable agreement for further details.



+----------------------------------------------------------------------------------------+
; TimeQuest Timing Analyzer Summary                                                      ;
+--------------------+-------------------------------------------------------------------+
; Quartus II Version ; Version 13.0.1 Build 232 06/12/2013 Service Pack 1 SJ Web Edition ;
; Revision Name      ; ULA_DISPLAY                                                       ;
; Device Family      ; Cyclone III                                                       ;
; Device Name        ; EP3C16F484C6                                                      ;
; Timing Models      ; Final                                                             ;
; Delay Model        ; Combined                                                          ;
; Rise/Fall Delays   ; Enabled                                                           ;
+--------------------+-------------------------------------------------------------------+


Parallel compilation was disabled, but you have multiple processors available. Enable parallel compilation to reduce compilation time.
+-------------------------------------+
; Parallel Compilation                ;
+----------------------------+--------+
; Processors                 ; Number ;
+----------------------------+--------+
; Number detected on machine ; 16     ;
; Maximum allowed            ; 1      ;
+----------------------------+--------+


----------
; Clocks ;
----------
No clocks to report.


--------------------------------------
; Slow 1200mV 85C Model Fmax Summary ;
--------------------------------------
No paths to report.


----------------------------------
; Timing Closure Recommendations ;
----------------------------------
HTML report is unavailable in plain text report export.


---------------------------------------
; Slow 1200mV 85C Model Setup Summary ;
---------------------------------------
No paths to report.


--------------------------------------
; Slow 1200mV 85C Model Hold Summary ;
--------------------------------------
No paths to report.


------------------------------------------
; Slow 1200mV 85C Model Recovery Summary ;
------------------------------------------
No paths to report.


-----------------------------------------
; Slow 1200mV 85C Model Removal Summary ;
-----------------------------------------
No paths to report.


-----------------------------------------------------
; Slow 1200mV 85C Model Minimum Pulse Width Summary ;
-----------------------------------------------------
No paths to report.


+------------------------------------------------------------+
; Propagation Delay                                          ;
+------------+-------------+-------+-------+--------+--------+
; Input Port ; Output Port ; RR    ; RF    ; FR     ; FF     ;
+------------+-------------+-------+-------+--------+--------+
; a[0]       ; d[0]        ; 8.948 ; 8.934 ; 9.394  ; 9.371  ;
; a[0]       ; d[1]        ; 8.972 ; 8.963 ; 9.412  ; 9.396  ;
; a[0]       ; d[2]        ; 9.246 ; 9.200 ; 9.695  ; 9.640  ;
; a[0]       ; d[3]        ; 9.294 ; 9.236 ; 9.741  ; 9.674  ;
; a[0]       ; d[4]        ; 9.211 ; 9.197 ; 9.676  ; 9.630  ;
; a[0]       ; d[5]        ; 9.259 ; 9.222 ; 9.708  ; 9.662  ;
; a[0]       ; d[6]        ; 9.220 ; 9.160 ; 9.666  ; 9.597  ;
; a[0]       ; n           ; 7.292 ; 7.270 ; 7.725  ; 7.735  ;
; a[0]       ; z           ; 9.483 ; 9.502 ; 9.948  ; 9.935  ;
; a[1]       ; d[0]        ; 9.086 ; 9.058 ; 9.531  ; 9.503  ;
; a[1]       ; d[1]        ; 9.090 ; 9.102 ; 9.535  ; 9.547  ;
; a[1]       ; d[2]        ; 9.336 ; 9.326 ; 9.781  ; 9.771  ;
; a[1]       ; d[3]        ; 9.429 ; 9.359 ; 9.874  ; 9.804  ;
; a[1]       ; d[4]        ; 9.365 ; 9.317 ; 9.810  ; 9.762  ;
; a[1]       ; d[5]        ; 9.350 ; 9.348 ; 9.795  ; 9.793  ;
; a[1]       ; d[6]        ; 9.334 ; 9.281 ; 9.779  ; 9.726  ;
; a[1]       ; n           ; 7.194 ; 7.172 ; 7.625  ; 7.635  ;
; a[1]       ; z           ; 9.634 ; 9.590 ; 10.079 ; 10.035 ;
; a[2]       ; d[0]        ; 8.878 ; 8.886 ; 9.319  ; 9.327  ;
; a[2]       ; d[1]        ; 8.837 ; 8.926 ; 9.262  ; 9.367  ;
; a[2]       ; d[2]        ; 9.218 ; 9.116 ; 9.659  ; 9.553  ;
; a[2]       ; d[3]        ; 9.227 ; 9.191 ; 9.668  ; 9.632  ;
; a[2]       ; d[4]        ; 9.131 ; 9.152 ; 9.572  ; 9.593  ;
; a[2]       ; d[5]        ; 9.232 ; 9.139 ; 9.673  ; 9.564  ;
; a[2]       ; d[6]        ; 9.153 ; 9.095 ; 9.594  ; 9.536  ;
; a[2]       ; n           ; 6.823 ; 6.801 ; 7.258  ; 7.268  ;
; a[2]       ; z           ; 9.470 ; 9.388 ; 9.911  ; 9.813  ;
; a[3]       ; d[0]        ; 8.525 ; 8.511 ; 8.939  ; 8.925  ;
; a[3]       ; d[1]        ; 8.549 ; 8.540 ; 8.963  ; 8.954  ;
; a[3]       ; d[2]        ; 8.823 ; 8.777 ; 9.237  ; 9.191  ;
; a[3]       ; d[3]        ; 8.871 ; 8.813 ; 9.285  ; 9.227  ;
; a[3]       ; d[4]        ; 8.781 ; 8.774 ; 9.195  ; 9.188  ;
; a[3]       ; d[5]        ; 8.836 ; 8.799 ; 9.250  ; 9.213  ;
; a[3]       ; d[6]        ; 8.797 ; 8.737 ; 9.211  ; 9.151  ;
; a[3]       ; n           ; 6.869 ; 6.840 ; 7.283  ; 7.254  ;
; a[3]       ; z           ; 9.053 ; 9.079 ; 9.467  ; 9.493  ;
; b[0]       ; d[0]        ; 9.123 ; 9.109 ; 9.580  ; 9.557  ;
; b[0]       ; d[1]        ; 9.147 ; 9.138 ; 9.598  ; 9.582  ;
; b[0]       ; d[2]        ; 9.421 ; 9.375 ; 9.881  ; 9.826  ;
; b[0]       ; d[3]        ; 9.469 ; 9.411 ; 9.927  ; 9.860  ;
; b[0]       ; d[4]        ; 9.386 ; 9.372 ; 9.862  ; 9.816  ;
; b[0]       ; d[5]        ; 9.434 ; 9.397 ; 9.894  ; 9.848  ;
; b[0]       ; d[6]        ; 9.395 ; 9.335 ; 9.852  ; 9.783  ;
; b[0]       ; n           ; 7.467 ; 7.445 ; 7.911  ; 7.921  ;
; b[0]       ; z           ; 9.658 ; 9.677 ; 10.134 ; 10.121 ;
; b[1]       ; d[0]        ; 9.072 ; 9.058 ; 9.551  ; 9.528  ;
; b[1]       ; d[1]        ; 9.096 ; 9.087 ; 9.569  ; 9.553  ;
; b[1]       ; d[2]        ; 9.370 ; 9.324 ; 9.852  ; 9.797  ;
; b[1]       ; d[3]        ; 9.418 ; 9.360 ; 9.898  ; 9.831  ;
; b[1]       ; d[4]        ; 9.335 ; 9.321 ; 9.833  ; 9.787  ;
; b[1]       ; d[5]        ; 9.383 ; 9.346 ; 9.865  ; 9.819  ;
; b[1]       ; d[6]        ; 9.344 ; 9.284 ; 9.823  ; 9.754  ;
; b[1]       ; n           ; 7.416 ; 7.394 ; 7.882  ; 7.892  ;
; b[1]       ; z           ; 9.607 ; 9.626 ; 10.105 ; 10.092 ;
; b[2]       ; d[0]        ; 8.755 ; 8.763 ; 9.184  ; 9.192  ;
; b[2]       ; d[1]        ; 8.722 ; 8.803 ; 9.127  ; 9.232  ;
; b[2]       ; d[2]        ; 9.095 ; 9.001 ; 9.524  ; 9.418  ;
; b[2]       ; d[3]        ; 9.104 ; 9.068 ; 9.533  ; 9.497  ;
; b[2]       ; d[4]        ; 9.008 ; 9.029 ; 9.437  ; 9.458  ;
; b[2]       ; d[5]        ; 9.109 ; 9.024 ; 9.538  ; 9.429  ;
; b[2]       ; d[6]        ; 9.030 ; 8.972 ; 9.459  ; 9.401  ;
; b[2]       ; n           ; 6.726 ; 6.704 ; 7.151  ; 7.161  ;
; b[2]       ; z           ; 9.347 ; 9.273 ; 9.776  ; 9.678  ;
; b[3]       ; d[0]        ; 8.459 ; 8.445 ; 8.862  ; 8.848  ;
; b[3]       ; d[1]        ; 8.483 ; 8.474 ; 8.886  ; 8.877  ;
; b[3]       ; d[2]        ; 8.757 ; 8.711 ; 9.160  ; 9.114  ;
; b[3]       ; d[3]        ; 8.805 ; 8.747 ; 9.208  ; 9.150  ;
; b[3]       ; d[4]        ; 8.715 ; 8.708 ; 9.122  ; 9.111  ;
; b[3]       ; d[5]        ; 8.770 ; 8.733 ; 9.173  ; 9.136  ;
; b[3]       ; d[6]        ; 8.731 ; 8.671 ; 9.134  ; 9.074  ;
; b[3]       ; n           ; 6.803 ; 6.774 ; 7.206  ; 7.181  ;
; b[3]       ; z           ; 8.987 ; 9.013 ; 9.394  ; 9.416  ;
; s[0]       ; d[0]        ; 9.289 ; 9.261 ; 9.707  ; 9.679  ;
; s[0]       ; d[1]        ; 9.293 ; 9.305 ; 9.711  ; 9.723  ;
; s[0]       ; d[2]        ; 9.539 ; 9.529 ; 9.957  ; 9.947  ;
; s[0]       ; d[3]        ; 9.632 ; 9.562 ; 10.050 ; 9.980  ;
; s[0]       ; d[4]        ; 9.568 ; 9.520 ; 9.986  ; 9.938  ;
; s[0]       ; d[5]        ; 9.553 ; 9.551 ; 9.971  ; 9.969  ;
; s[0]       ; d[6]        ; 9.537 ; 9.484 ; 9.955  ; 9.902  ;
; s[0]       ; n           ; 7.104 ; 7.075 ; 7.529  ; 7.500  ;
; s[0]       ; z           ; 9.837 ; 9.793 ; 10.255 ; 10.211 ;
; s[1]       ; d[0]        ; 9.060 ; 9.032 ; 9.520  ; 9.492  ;
; s[1]       ; d[1]        ; 9.064 ; 9.076 ; 9.524  ; 9.536  ;
; s[1]       ; d[2]        ; 9.344 ; 9.300 ; 9.786  ; 9.760  ;
; s[1]       ; d[3]        ; 9.403 ; 9.333 ; 9.863  ; 9.793  ;
; s[1]       ; d[4]        ; 9.339 ; 9.291 ; 9.799  ; 9.751  ;
; s[1]       ; d[5]        ; 9.358 ; 9.322 ; 9.800  ; 9.782  ;
; s[1]       ; d[6]        ; 9.308 ; 9.255 ; 9.768  ; 9.715  ;
; s[1]       ; n           ; 6.875 ; 6.846 ; 7.339  ; 7.310  ;
; s[1]       ; z           ; 9.608 ; 9.564 ; 10.068 ; 10.024 ;
+------------+-------------+-------+-------+--------+--------+


+----------------------------------------------------------+
; Minimum Propagation Delay                                ;
+------------+-------------+-------+-------+-------+-------+
; Input Port ; Output Port ; RR    ; RF    ; FR    ; FF    ;
+------------+-------------+-------+-------+-------+-------+
; a[0]       ; d[0]        ; 7.780 ; 7.762 ; 8.165 ; 8.147 ;
; a[0]       ; d[1]        ; 7.803 ; 7.790 ; 8.188 ; 8.175 ;
; a[0]       ; d[2]        ; 8.108 ; 8.017 ; 8.524 ; 8.402 ;
; a[0]       ; d[3]        ; 8.112 ; 8.052 ; 8.497 ; 8.437 ;
; a[0]       ; d[4]        ; 8.055 ; 8.078 ; 8.440 ; 8.494 ;
; a[0]       ; d[5]        ; 8.078 ; 8.110 ; 8.463 ; 8.526 ;
; a[0]       ; d[6]        ; 8.043 ; 7.982 ; 8.428 ; 8.367 ;
; a[0]       ; n           ; 7.111 ; 7.090 ; 7.533 ; 7.542 ;
; a[0]       ; z           ; 8.395 ; 8.320 ; 8.811 ; 8.705 ;
; a[1]       ; d[0]        ; 8.339 ; 8.313 ; 8.764 ; 8.729 ;
; a[1]       ; d[1]        ; 8.343 ; 8.337 ; 8.768 ; 8.753 ;
; a[1]       ; d[2]        ; 8.611 ; 8.571 ; 9.036 ; 8.987 ;
; a[1]       ; d[3]        ; 8.663 ; 8.628 ; 9.088 ; 9.044 ;
; a[1]       ; d[4]        ; 8.617 ; 8.591 ; 9.033 ; 9.016 ;
; a[1]       ; d[5]        ; 8.636 ; 8.587 ; 9.061 ; 9.003 ;
; a[1]       ; d[6]        ; 8.591 ; 8.525 ; 9.016 ; 8.941 ;
; a[1]       ; n           ; 7.019 ; 6.998 ; 7.437 ; 7.446 ;
; a[1]       ; z           ; 8.949 ; 8.929 ; 9.365 ; 9.354 ;
; a[2]       ; d[0]        ; 8.181 ; 8.156 ; 8.614 ; 8.598 ;
; a[2]       ; d[1]        ; 8.198 ; 8.178 ; 8.636 ; 8.623 ;
; a[2]       ; d[2]        ; 8.469 ; 8.413 ; 8.899 ; 8.852 ;
; a[2]       ; d[3]        ; 8.513 ; 8.446 ; 8.945 ; 8.887 ;
; a[2]       ; d[4]        ; 8.452 ; 8.435 ; 8.897 ; 8.850 ;
; a[2]       ; d[5]        ; 8.481 ; 8.434 ; 8.911 ; 8.873 ;
; a[2]       ; d[6]        ; 8.442 ; 8.373 ; 8.874 ; 8.814 ;
; a[2]       ; n           ; 6.615 ; 6.594 ; 7.030 ; 7.039 ;
; a[2]       ; z           ; 8.719 ; 8.737 ; 9.164 ; 9.152 ;
; a[3]       ; d[0]        ; 8.261 ; 8.236 ; 8.634 ; 8.609 ;
; a[3]       ; d[1]        ; 8.278 ; 8.258 ; 8.651 ; 8.631 ;
; a[3]       ; d[2]        ; 8.549 ; 8.493 ; 8.922 ; 8.866 ;
; a[3]       ; d[3]        ; 8.593 ; 8.526 ; 8.966 ; 8.899 ;
; a[3]       ; d[4]        ; 8.532 ; 8.514 ; 8.905 ; 8.887 ;
; a[3]       ; d[5]        ; 8.561 ; 8.514 ; 8.934 ; 8.887 ;
; a[3]       ; d[6]        ; 8.522 ; 8.453 ; 8.895 ; 8.826 ;
; a[3]       ; n           ; 6.694 ; 6.674 ; 7.067 ; 7.047 ;
; a[3]       ; z           ; 8.799 ; 8.816 ; 9.172 ; 9.189 ;
; b[0]       ; d[0]        ; 7.923 ; 7.905 ; 8.354 ; 8.336 ;
; b[0]       ; d[1]        ; 7.946 ; 7.933 ; 8.374 ; 8.364 ;
; b[0]       ; d[2]        ; 8.304 ; 8.160 ; 8.640 ; 8.591 ;
; b[0]       ; d[3]        ; 8.255 ; 8.195 ; 8.683 ; 8.626 ;
; b[0]       ; d[4]        ; 8.198 ; 8.274 ; 8.629 ; 8.610 ;
; b[0]       ; d[5]        ; 8.221 ; 8.306 ; 8.652 ; 8.642 ;
; b[0]       ; d[6]        ; 8.186 ; 8.125 ; 8.613 ; 8.556 ;
; b[0]       ; n           ; 7.256 ; 7.235 ; 7.653 ; 7.662 ;
; b[0]       ; z           ; 8.591 ; 8.463 ; 8.927 ; 8.894 ;
; b[1]       ; d[0]        ; 8.514 ; 8.488 ; 8.914 ; 8.912 ;
; b[1]       ; d[1]        ; 8.518 ; 8.512 ; 8.922 ; 8.936 ;
; b[1]       ; d[2]        ; 8.786 ; 8.746 ; 9.185 ; 9.170 ;
; b[1]       ; d[3]        ; 8.836 ; 8.803 ; 9.232 ; 9.215 ;
; b[1]       ; d[4]        ; 8.792 ; 8.759 ; 9.216 ; 9.155 ;
; b[1]       ; d[5]        ; 8.811 ; 8.762 ; 9.235 ; 9.186 ;
; b[1]       ; d[6]        ; 8.766 ; 8.700 ; 9.198 ; 9.124 ;
; b[1]       ; n           ; 7.194 ; 7.173 ; 7.620 ; 7.629 ;
; b[1]       ; z           ; 9.124 ; 9.103 ; 9.547 ; 9.499 ;
; b[2]       ; d[0]        ; 8.133 ; 8.108 ; 8.565 ; 8.549 ;
; b[2]       ; d[1]        ; 8.150 ; 8.130 ; 8.587 ; 8.574 ;
; b[2]       ; d[2]        ; 8.421 ; 8.365 ; 8.850 ; 8.803 ;
; b[2]       ; d[3]        ; 8.465 ; 8.398 ; 8.896 ; 8.838 ;
; b[2]       ; d[4]        ; 8.404 ; 8.387 ; 8.848 ; 8.801 ;
; b[2]       ; d[5]        ; 8.433 ; 8.386 ; 8.862 ; 8.824 ;
; b[2]       ; d[6]        ; 8.394 ; 8.325 ; 8.825 ; 8.765 ;
; b[2]       ; n           ; 6.567 ; 6.546 ; 6.981 ; 6.990 ;
; b[2]       ; z           ; 8.671 ; 8.689 ; 9.115 ; 9.103 ;
; b[3]       ; d[0]        ; 8.199 ; 8.174 ; 8.594 ; 8.569 ;
; b[3]       ; d[1]        ; 8.216 ; 8.196 ; 8.611 ; 8.591 ;
; b[3]       ; d[2]        ; 8.487 ; 8.431 ; 8.882 ; 8.826 ;
; b[3]       ; d[3]        ; 8.531 ; 8.464 ; 8.926 ; 8.859 ;
; b[3]       ; d[4]        ; 8.470 ; 8.452 ; 8.865 ; 8.852 ;
; b[3]       ; d[5]        ; 8.499 ; 8.452 ; 8.894 ; 8.847 ;
; b[3]       ; d[6]        ; 8.460 ; 8.391 ; 8.855 ; 8.786 ;
; b[3]       ; n           ; 6.632 ; 6.612 ; 7.032 ; 7.007 ;
; b[3]       ; z           ; 8.737 ; 8.754 ; 9.132 ; 9.154 ;
; s[0]       ; d[0]        ; 7.729 ; 7.711 ; 8.128 ; 8.110 ;
; s[0]       ; d[1]        ; 7.752 ; 7.739 ; 8.151 ; 8.138 ;
; s[0]       ; d[2]        ; 8.059 ; 7.966 ; 8.449 ; 8.365 ;
; s[0]       ; d[3]        ; 8.061 ; 8.001 ; 8.460 ; 8.400 ;
; s[0]       ; d[4]        ; 8.004 ; 8.029 ; 8.403 ; 8.419 ;
; s[0]       ; d[5]        ; 8.027 ; 8.061 ; 8.426 ; 8.451 ;
; s[0]       ; d[6]        ; 7.992 ; 7.931 ; 8.391 ; 8.330 ;
; s[0]       ; n           ; 6.554 ; 6.585 ; 6.994 ; 6.930 ;
; s[0]       ; z           ; 8.346 ; 8.269 ; 8.736 ; 8.668 ;
; s[1]       ; d[0]        ; 7.729 ; 7.711 ; 8.178 ; 8.160 ;
; s[1]       ; d[1]        ; 7.752 ; 7.739 ; 8.201 ; 8.188 ;
; s[1]       ; d[2]        ; 8.108 ; 7.966 ; 8.482 ; 8.415 ;
; s[1]       ; d[3]        ; 8.061 ; 8.001 ; 8.510 ; 8.450 ;
; s[1]       ; d[4]        ; 8.004 ; 8.078 ; 8.453 ; 8.452 ;
; s[1]       ; d[5]        ; 8.027 ; 8.110 ; 8.476 ; 8.484 ;
; s[1]       ; d[6]        ; 7.992 ; 7.931 ; 8.441 ; 8.380 ;
; s[1]       ; n           ; 6.371 ; 6.394 ; 6.814 ; 6.750 ;
; s[1]       ; z           ; 8.395 ; 8.269 ; 8.769 ; 8.718 ;
+------------+-------------+-------+-------+-------+-------+


----------------------------------------------
; Slow 1200mV 85C Model Metastability Report ;
----------------------------------------------
No synchronizer chains to report.


-------------------------------------
; Slow 1200mV 0C Model Fmax Summary ;
-------------------------------------
No paths to report.


--------------------------------------
; Slow 1200mV 0C Model Setup Summary ;
--------------------------------------
No paths to report.


-------------------------------------
; Slow 1200mV 0C Model Hold Summary ;
-------------------------------------
No paths to report.


-----------------------------------------
; Slow 1200mV 0C Model Recovery Summary ;
-----------------------------------------
No paths to report.


----------------------------------------
; Slow 1200mV 0C Model Removal Summary ;
----------------------------------------
No paths to report.


----------------------------------------------------
; Slow 1200mV 0C Model Minimum Pulse Width Summary ;
----------------------------------------------------
No paths to report.


+----------------------------------------------------------+
; Propagation Delay                                        ;
+------------+-------------+-------+-------+-------+-------+
; Input Port ; Output Port ; RR    ; RF    ; FR    ; FF    ;
+------------+-------------+-------+-------+-------+-------+
; a[0]       ; d[0]        ; 8.289 ; 8.256 ; 8.655 ; 8.622 ;
; a[0]       ; d[1]        ; 8.308 ; 8.280 ; 8.674 ; 8.646 ;
; a[0]       ; d[2]        ; 8.561 ; 8.483 ; 8.927 ; 8.849 ;
; a[0]       ; d[3]        ; 8.608 ; 8.544 ; 8.974 ; 8.910 ;
; a[0]       ; d[4]        ; 8.473 ; 8.478 ; 8.869 ; 8.844 ;
; a[0]       ; d[5]        ; 8.577 ; 8.505 ; 8.943 ; 8.871 ;
; a[0]       ; d[6]        ; 8.537 ; 8.465 ; 8.903 ; 8.831 ;
; a[0]       ; n           ; 6.769 ; 6.727 ; 7.135 ; 7.123 ;
; a[0]       ; z           ; 8.690 ; 8.814 ; 9.086 ; 9.180 ;
; a[1]       ; d[0]        ; 8.341 ; 8.352 ; 8.720 ; 8.731 ;
; a[1]       ; d[1]        ; 8.360 ; 8.372 ; 8.739 ; 8.751 ;
; a[1]       ; d[2]        ; 8.630 ; 8.529 ; 9.009 ; 8.908 ;
; a[1]       ; d[3]        ; 8.658 ; 8.639 ; 9.037 ; 9.018 ;
; a[1]       ; d[4]        ; 8.601 ; 8.574 ; 8.980 ; 8.953 ;
; a[1]       ; d[5]        ; 8.646 ; 8.558 ; 9.025 ; 8.937 ;
; a[1]       ; d[6]        ; 8.579 ; 8.556 ; 8.958 ; 8.935 ;
; a[1]       ; n           ; 6.679 ; 6.637 ; 7.025 ; 7.013 ;
; a[1]       ; z           ; 8.816 ; 8.883 ; 9.195 ; 9.262 ;
; a[2]       ; d[0]        ; 8.158 ; 8.131 ; 8.520 ; 8.507 ;
; a[2]       ; d[1]        ; 8.163 ; 8.164 ; 8.520 ; 8.543 ;
; a[2]       ; d[2]        ; 8.449 ; 8.384 ; 8.828 ; 8.741 ;
; a[2]       ; d[3]        ; 8.480 ; 8.422 ; 8.842 ; 8.798 ;
; a[2]       ; d[4]        ; 8.428 ; 8.357 ; 8.785 ; 8.736 ;
; a[2]       ; d[5]        ; 8.465 ; 8.406 ; 8.844 ; 8.763 ;
; a[2]       ; d[6]        ; 8.391 ; 8.351 ; 8.770 ; 8.708 ;
; a[2]       ; n           ; 6.330 ; 6.288 ; 6.702 ; 6.690 ;
; a[2]       ; z           ; 8.657 ; 8.690 ; 9.036 ; 9.047 ;
; a[3]       ; d[0]        ; 7.897 ; 7.864 ; 8.247 ; 8.214 ;
; a[3]       ; d[1]        ; 7.916 ; 7.888 ; 8.266 ; 8.238 ;
; a[3]       ; d[2]        ; 8.169 ; 8.091 ; 8.519 ; 8.441 ;
; a[3]       ; d[3]        ; 8.216 ; 8.152 ; 8.566 ; 8.502 ;
; a[3]       ; d[4]        ; 8.080 ; 8.086 ; 8.425 ; 8.436 ;
; a[3]       ; d[5]        ; 8.185 ; 8.113 ; 8.535 ; 8.463 ;
; a[3]       ; d[6]        ; 8.145 ; 8.073 ; 8.495 ; 8.423 ;
; a[3]       ; n           ; 6.377 ; 6.334 ; 6.727 ; 6.679 ;
; a[3]       ; z           ; 8.297 ; 8.422 ; 8.642 ; 8.772 ;
; b[0]       ; d[0]        ; 8.437 ; 8.404 ; 8.803 ; 8.770 ;
; b[0]       ; d[1]        ; 8.456 ; 8.428 ; 8.822 ; 8.794 ;
; b[0]       ; d[2]        ; 8.709 ; 8.631 ; 9.075 ; 8.997 ;
; b[0]       ; d[3]        ; 8.756 ; 8.692 ; 9.122 ; 9.058 ;
; b[0]       ; d[4]        ; 8.621 ; 8.626 ; 9.017 ; 8.992 ;
; b[0]       ; d[5]        ; 8.725 ; 8.653 ; 9.091 ; 9.019 ;
; b[0]       ; d[6]        ; 8.685 ; 8.613 ; 9.051 ; 8.979 ;
; b[0]       ; n           ; 6.917 ; 6.875 ; 7.283 ; 7.271 ;
; b[0]       ; z           ; 8.838 ; 8.962 ; 9.234 ; 9.328 ;
; b[1]       ; d[0]        ; 8.397 ; 8.364 ; 8.791 ; 8.758 ;
; b[1]       ; d[1]        ; 8.416 ; 8.388 ; 8.810 ; 8.782 ;
; b[1]       ; d[2]        ; 8.669 ; 8.591 ; 9.063 ; 8.985 ;
; b[1]       ; d[3]        ; 8.716 ; 8.652 ; 9.110 ; 9.046 ;
; b[1]       ; d[4]        ; 8.581 ; 8.586 ; 9.005 ; 8.980 ;
; b[1]       ; d[5]        ; 8.685 ; 8.613 ; 9.079 ; 9.007 ;
; b[1]       ; d[6]        ; 8.645 ; 8.573 ; 9.039 ; 8.967 ;
; b[1]       ; n           ; 6.877 ; 6.835 ; 7.271 ; 7.259 ;
; b[1]       ; z           ; 8.798 ; 8.922 ; 9.222 ; 9.316 ;
; b[2]       ; d[0]        ; 8.058 ; 8.031 ; 8.404 ; 8.391 ;
; b[2]       ; d[1]        ; 8.063 ; 8.054 ; 8.405 ; 8.427 ;
; b[2]       ; d[2]        ; 8.339 ; 8.284 ; 8.712 ; 8.626 ;
; b[2]       ; d[3]        ; 8.380 ; 8.322 ; 8.726 ; 8.682 ;
; b[2]       ; d[4]        ; 8.328 ; 8.247 ; 8.670 ; 8.620 ;
; b[2]       ; d[5]        ; 8.355 ; 8.306 ; 8.728 ; 8.648 ;
; b[2]       ; d[6]        ; 8.281 ; 8.251 ; 8.654 ; 8.593 ;
; b[2]       ; n           ; 6.245 ; 6.203 ; 6.611 ; 6.599 ;
; b[2]       ; z           ; 8.547 ; 8.590 ; 8.920 ; 8.932 ;
; b[3]       ; d[0]        ; 7.839 ; 7.806 ; 8.192 ; 8.159 ;
; b[3]       ; d[1]        ; 7.858 ; 7.830 ; 8.211 ; 8.183 ;
; b[3]       ; d[2]        ; 8.111 ; 8.033 ; 8.464 ; 8.386 ;
; b[3]       ; d[3]        ; 8.158 ; 8.094 ; 8.511 ; 8.447 ;
; b[3]       ; d[4]        ; 8.020 ; 8.028 ; 8.378 ; 8.381 ;
; b[3]       ; d[5]        ; 8.127 ; 8.055 ; 8.480 ; 8.408 ;
; b[3]       ; d[6]        ; 8.087 ; 8.015 ; 8.440 ; 8.368 ;
; b[3]       ; n           ; 6.319 ; 6.274 ; 6.672 ; 6.632 ;
; b[3]       ; z           ; 8.237 ; 8.364 ; 8.595 ; 8.717 ;
; s[0]       ; d[0]        ; 8.520 ; 8.531 ; 8.876 ; 8.887 ;
; s[0]       ; d[1]        ; 8.539 ; 8.551 ; 8.895 ; 8.907 ;
; s[0]       ; d[2]        ; 8.809 ; 8.708 ; 9.165 ; 9.064 ;
; s[0]       ; d[3]        ; 8.837 ; 8.818 ; 9.193 ; 9.174 ;
; s[0]       ; d[4]        ; 8.780 ; 8.753 ; 9.136 ; 9.109 ;
; s[0]       ; d[5]        ; 8.825 ; 8.737 ; 9.181 ; 9.093 ;
; s[0]       ; d[6]        ; 8.758 ; 8.735 ; 9.114 ; 9.091 ;
; s[0]       ; n           ; 6.580 ; 6.532 ; 6.941 ; 6.893 ;
; s[0]       ; z           ; 8.995 ; 9.062 ; 9.351 ; 9.418 ;
; s[1]       ; d[0]        ; 8.299 ; 8.310 ; 8.709 ; 8.720 ;
; s[1]       ; d[1]        ; 8.318 ; 8.330 ; 8.728 ; 8.740 ;
; s[1]       ; d[2]        ; 8.588 ; 8.487 ; 8.998 ; 8.897 ;
; s[1]       ; d[3]        ; 8.616 ; 8.597 ; 9.026 ; 9.007 ;
; s[1]       ; d[4]        ; 8.559 ; 8.532 ; 8.969 ; 8.942 ;
; s[1]       ; d[5]        ; 8.604 ; 8.516 ; 9.014 ; 8.926 ;
; s[1]       ; d[6]        ; 8.537 ; 8.514 ; 8.947 ; 8.924 ;
; s[1]       ; n           ; 6.359 ; 6.312 ; 6.774 ; 6.726 ;
; s[1]       ; z           ; 8.774 ; 8.841 ; 9.184 ; 9.251 ;
+------------+-------------+-------+-------+-------+-------+


+----------------------------------------------------------+
; Minimum Propagation Delay                                ;
+------------+-------------+-------+-------+-------+-------+
; Input Port ; Output Port ; RR    ; RF    ; FR    ; FF    ;
+------------+-------------+-------+-------+-------+-------+
; a[0]       ; d[0]        ; 7.216 ; 7.180 ; 7.550 ; 7.514 ;
; a[0]       ; d[1]        ; 7.237 ; 7.206 ; 7.571 ; 7.540 ;
; a[0]       ; d[2]        ; 7.485 ; 7.399 ; 7.847 ; 7.733 ;
; a[0]       ; d[3]        ; 7.523 ; 7.457 ; 7.857 ; 7.791 ;
; a[0]       ; d[4]        ; 7.470 ; 7.421 ; 7.804 ; 7.783 ;
; a[0]       ; d[5]        ; 7.493 ; 7.451 ; 7.827 ; 7.813 ;
; a[0]       ; d[6]        ; 7.458 ; 7.384 ; 7.792 ; 7.718 ;
; a[0]       ; n           ; 6.612 ; 6.570 ; 6.972 ; 6.958 ;
; a[0]       ; z           ; 7.719 ; 7.732 ; 8.081 ; 8.066 ;
; a[1]       ; d[0]        ; 7.706 ; 7.637 ; 8.048 ; 7.979 ;
; a[1]       ; d[1]        ; 7.732 ; 7.658 ; 8.080 ; 8.000 ;
; a[1]       ; d[2]        ; 7.980 ; 7.859 ; 8.328 ; 8.201 ;
; a[1]       ; d[3]        ; 8.015 ; 7.937 ; 8.357 ; 8.279 ;
; a[1]       ; d[4]        ; 7.937 ; 7.915 ; 8.279 ; 8.257 ;
; a[1]       ; d[5]        ; 7.986 ; 7.874 ; 8.328 ; 8.216 ;
; a[1]       ; d[6]        ; 7.941 ; 7.833 ; 8.283 ; 8.175 ;
; a[1]       ; n           ; 6.527 ; 6.485 ; 6.868 ; 6.854 ;
; a[1]       ; z           ; 8.211 ; 8.292 ; 8.553 ; 8.640 ;
; a[2]       ; d[0]        ; 7.526 ; 7.486 ; 7.915 ; 7.875 ;
; a[2]       ; d[1]        ; 7.541 ; 7.506 ; 7.930 ; 7.895 ;
; a[2]       ; d[2]        ; 7.790 ; 7.706 ; 8.179 ; 8.095 ;
; a[2]       ; d[3]        ; 7.831 ; 7.761 ; 8.220 ; 8.150 ;
; a[2]       ; d[4]        ; 7.775 ; 7.780 ; 8.164 ; 8.141 ;
; a[2]       ; d[5]        ; 7.802 ; 7.724 ; 8.191 ; 8.113 ;
; a[2]       ; d[6]        ; 7.761 ; 7.683 ; 8.150 ; 8.072 ;
; a[2]       ; n           ; 6.148 ; 6.106 ; 6.509 ; 6.495 ;
; a[2]       ; z           ; 7.992 ; 8.112 ; 8.381 ; 8.473 ;
; a[3]       ; d[0]        ; 7.610 ; 7.570 ; 7.928 ; 7.888 ;
; a[3]       ; d[1]        ; 7.625 ; 7.590 ; 7.943 ; 7.908 ;
; a[3]       ; d[2]        ; 7.874 ; 7.790 ; 8.192 ; 8.108 ;
; a[3]       ; d[3]        ; 7.915 ; 7.845 ; 8.233 ; 8.163 ;
; a[3]       ; d[4]        ; 7.859 ; 7.866 ; 8.177 ; 8.180 ;
; a[3]       ; d[5]        ; 7.886 ; 7.808 ; 8.204 ; 8.126 ;
; a[3]       ; d[6]        ; 7.845 ; 7.767 ; 8.163 ; 8.085 ;
; a[3]       ; n           ; 6.234 ; 6.190 ; 6.548 ; 6.508 ;
; a[3]       ; z           ; 8.076 ; 8.198 ; 8.394 ; 8.512 ;
; b[0]       ; d[0]        ; 7.338 ; 7.302 ; 7.672 ; 7.663 ;
; b[0]       ; d[1]        ; 7.359 ; 7.328 ; 7.690 ; 7.687 ;
; b[0]       ; d[2]        ; 7.657 ; 7.521 ; 7.936 ; 7.888 ;
; b[0]       ; d[3]        ; 7.645 ; 7.579 ; 7.976 ; 7.938 ;
; b[0]       ; d[4]        ; 7.592 ; 7.593 ; 7.959 ; 7.872 ;
; b[0]       ; d[5]        ; 7.615 ; 7.623 ; 7.982 ; 7.902 ;
; b[0]       ; d[6]        ; 7.580 ; 7.506 ; 7.910 ; 7.864 ;
; b[0]       ; n           ; 6.737 ; 6.695 ; 7.062 ; 7.048 ;
; b[0]       ; z           ; 7.891 ; 7.854 ; 8.170 ; 8.221 ;
; b[1]       ; d[0]        ; 7.864 ; 7.795 ; 8.224 ; 8.155 ;
; b[1]       ; d[1]        ; 7.890 ; 7.816 ; 8.251 ; 8.176 ;
; b[1]       ; d[2]        ; 8.138 ; 8.017 ; 8.494 ; 8.377 ;
; b[1]       ; d[3]        ; 8.173 ; 8.095 ; 8.533 ; 8.453 ;
; b[1]       ; d[4]        ; 8.095 ; 8.073 ; 8.455 ; 8.433 ;
; b[1]       ; d[5]        ; 8.144 ; 8.032 ; 8.504 ; 8.392 ;
; b[1]       ; d[6]        ; 8.099 ; 7.991 ; 8.459 ; 8.351 ;
; b[1]       ; n           ; 6.685 ; 6.643 ; 7.044 ; 7.030 ;
; b[1]       ; z           ; 8.369 ; 8.450 ; 8.729 ; 8.802 ;
; b[2]       ; d[0]        ; 7.488 ; 7.448 ; 7.874 ; 7.834 ;
; b[2]       ; d[1]        ; 7.503 ; 7.468 ; 7.889 ; 7.854 ;
; b[2]       ; d[2]        ; 7.752 ; 7.668 ; 8.138 ; 8.054 ;
; b[2]       ; d[3]        ; 7.793 ; 7.723 ; 8.179 ; 8.109 ;
; b[2]       ; d[4]        ; 7.737 ; 7.742 ; 8.123 ; 8.100 ;
; b[2]       ; d[5]        ; 7.764 ; 7.686 ; 8.150 ; 8.072 ;
; b[2]       ; d[6]        ; 7.723 ; 7.645 ; 8.109 ; 8.031 ;
; b[2]       ; n           ; 6.110 ; 6.068 ; 6.468 ; 6.454 ;
; b[2]       ; z           ; 7.954 ; 8.074 ; 8.340 ; 8.432 ;
; b[3]       ; d[0]        ; 7.556 ; 7.516 ; 7.899 ; 7.859 ;
; b[3]       ; d[1]        ; 7.571 ; 7.536 ; 7.914 ; 7.879 ;
; b[3]       ; d[2]        ; 7.820 ; 7.736 ; 8.163 ; 8.079 ;
; b[3]       ; d[3]        ; 7.861 ; 7.791 ; 8.204 ; 8.134 ;
; b[3]       ; d[4]        ; 7.805 ; 7.810 ; 8.148 ; 8.157 ;
; b[3]       ; d[5]        ; 7.832 ; 7.754 ; 8.175 ; 8.097 ;
; b[3]       ; d[6]        ; 7.791 ; 7.713 ; 8.134 ; 8.056 ;
; b[3]       ; n           ; 6.178 ; 6.136 ; 6.525 ; 6.479 ;
; b[3]       ; z           ; 8.022 ; 8.142 ; 8.365 ; 8.489 ;
; s[0]       ; d[0]        ; 7.161 ; 7.125 ; 7.507 ; 7.471 ;
; s[0]       ; d[1]        ; 7.182 ; 7.151 ; 7.526 ; 7.497 ;
; s[0]       ; d[2]        ; 7.432 ; 7.344 ; 7.772 ; 7.690 ;
; s[0]       ; d[3]        ; 7.468 ; 7.402 ; 7.812 ; 7.748 ;
; s[0]       ; d[4]        ; 7.415 ; 7.368 ; 7.761 ; 7.708 ;
; s[0]       ; d[5]        ; 7.438 ; 7.398 ; 7.784 ; 7.738 ;
; s[0]       ; d[6]        ; 7.403 ; 7.329 ; 7.746 ; 7.675 ;
; s[0]       ; n           ; 6.093 ; 6.101 ; 6.471 ; 6.391 ;
; s[0]       ; z           ; 7.666 ; 7.677 ; 8.006 ; 8.023 ;
; s[1]       ; d[0]        ; 7.148 ; 7.112 ; 7.532 ; 7.512 ;
; s[1]       ; d[1]        ; 7.169 ; 7.138 ; 7.550 ; 7.538 ;
; s[1]       ; d[2]        ; 7.464 ; 7.331 ; 7.796 ; 7.731 ;
; s[1]       ; d[3]        ; 7.455 ; 7.389 ; 7.836 ; 7.789 ;
; s[1]       ; d[4]        ; 7.402 ; 7.400 ; 7.802 ; 7.732 ;
; s[1]       ; d[5]        ; 7.425 ; 7.430 ; 7.825 ; 7.762 ;
; s[1]       ; d[6]        ; 7.390 ; 7.316 ; 7.770 ; 7.716 ;
; s[1]       ; n           ; 5.918 ; 5.920 ; 6.312 ; 6.232 ;
; s[1]       ; z           ; 7.698 ; 7.664 ; 8.030 ; 8.064 ;
+------------+-------------+-------+-------+-------+-------+


---------------------------------------------
; Slow 1200mV 0C Model Metastability Report ;
---------------------------------------------
No synchronizer chains to report.


--------------------------------------
; Fast 1200mV 0C Model Setup Summary ;
--------------------------------------
No paths to report.


-------------------------------------
; Fast 1200mV 0C Model Hold Summary ;
-------------------------------------
No paths to report.


-----------------------------------------
; Fast 1200mV 0C Model Recovery Summary ;
-----------------------------------------
No paths to report.


----------------------------------------
; Fast 1200mV 0C Model Removal Summary ;
----------------------------------------
No paths to report.


----------------------------------------------------
; Fast 1200mV 0C Model Minimum Pulse Width Summary ;
----------------------------------------------------
No paths to report.


+----------------------------------------------------------+
; Propagation Delay                                        ;
+------------+-------------+-------+-------+-------+-------+
; Input Port ; Output Port ; RR    ; RF    ; FR    ; FF    ;
+------------+-------------+-------+-------+-------+-------+
; a[0]       ; d[0]        ; 5.262 ; 5.307 ; 5.866 ; 5.911 ;
; a[0]       ; d[1]        ; 5.272 ; 5.324 ; 5.876 ; 5.928 ;
; a[0]       ; d[2]        ; 5.415 ; 5.457 ; 6.019 ; 6.061 ;
; a[0]       ; d[3]        ; 5.435 ; 5.487 ; 6.039 ; 6.091 ;
; a[0]       ; d[4]        ; 5.407 ; 5.366 ; 6.011 ; 5.943 ;
; a[0]       ; d[5]        ; 5.424 ; 5.471 ; 6.028 ; 6.075 ;
; a[0]       ; d[6]        ; 5.389 ; 5.438 ; 5.993 ; 6.042 ;
; a[0]       ; n           ; 4.313 ; 4.333 ; 4.898 ; 4.937 ;
; a[0]       ; z           ; 5.681 ; 5.520 ; 6.285 ; 6.105 ;
; a[1]       ; d[0]        ; 5.382 ; 5.380 ; 5.947 ; 5.945 ;
; a[1]       ; d[1]        ; 5.384 ; 5.444 ; 5.949 ; 6.009 ;
; a[1]       ; d[2]        ; 5.403 ; 5.562 ; 5.968 ; 6.127 ;
; a[1]       ; d[3]        ; 5.553 ; 5.594 ; 6.118 ; 6.159 ;
; a[1]       ; d[4]        ; 5.524 ; 5.463 ; 6.089 ; 6.028 ;
; a[1]       ; d[5]        ; 5.512 ; 5.575 ; 6.077 ; 6.140 ;
; a[1]       ; d[6]        ; 5.490 ; 5.543 ; 6.055 ; 6.108 ;
; a[1]       ; n           ; 4.257 ; 4.277 ; 4.840 ; 4.879 ;
; a[1]       ; z           ; 5.786 ; 5.613 ; 6.351 ; 6.178 ;
; a[2]       ; d[0]        ; 5.247 ; 5.302 ; 5.818 ; 5.873 ;
; a[2]       ; d[1]        ; 5.102 ; 5.327 ; 5.672 ; 5.898 ;
; a[2]       ; d[2]        ; 5.420 ; 5.428 ; 5.991 ; 5.999 ;
; a[2]       ; d[3]        ; 5.419 ; 5.481 ; 5.990 ; 6.052 ;
; a[2]       ; d[4]        ; 5.373 ; 5.448 ; 5.944 ; 6.019 ;
; a[2]       ; d[5]        ; 5.430 ; 5.423 ; 6.001 ; 5.994 ;
; a[2]       ; d[6]        ; 5.365 ; 5.420 ; 5.936 ; 5.991 ;
; a[2]       ; n           ; 4.048 ; 4.068 ; 4.616 ; 4.655 ;
; a[2]       ; z           ; 5.679 ; 5.467 ; 6.250 ; 6.037 ;
; a[3]       ; d[0]        ; 5.035 ; 5.080 ; 5.598 ; 5.643 ;
; a[3]       ; d[1]        ; 5.045 ; 5.097 ; 5.608 ; 5.660 ;
; a[3]       ; d[2]        ; 5.188 ; 5.230 ; 5.751 ; 5.793 ;
; a[3]       ; d[3]        ; 5.208 ; 5.260 ; 5.771 ; 5.823 ;
; a[3]       ; d[4]        ; 5.180 ; 5.132 ; 5.743 ; 5.695 ;
; a[3]       ; d[5]        ; 5.197 ; 5.244 ; 5.760 ; 5.807 ;
; a[3]       ; d[6]        ; 5.162 ; 5.211 ; 5.725 ; 5.774 ;
; a[3]       ; n           ; 4.090 ; 4.106 ; 4.653 ; 4.669 ;
; a[3]       ; z           ; 5.454 ; 5.297 ; 6.017 ; 5.860 ;
; b[0]       ; d[0]        ; 5.344 ; 5.389 ; 5.975 ; 6.020 ;
; b[0]       ; d[1]        ; 5.354 ; 5.406 ; 5.985 ; 6.037 ;
; b[0]       ; d[2]        ; 5.497 ; 5.539 ; 6.128 ; 6.170 ;
; b[0]       ; d[3]        ; 5.517 ; 5.569 ; 6.148 ; 6.200 ;
; b[0]       ; d[4]        ; 5.489 ; 5.448 ; 6.120 ; 6.052 ;
; b[0]       ; d[5]        ; 5.506 ; 5.553 ; 6.137 ; 6.184 ;
; b[0]       ; d[6]        ; 5.471 ; 5.520 ; 6.102 ; 6.151 ;
; b[0]       ; n           ; 4.395 ; 4.415 ; 5.007 ; 5.046 ;
; b[0]       ; z           ; 5.763 ; 5.602 ; 6.394 ; 6.214 ;
; b[1]       ; d[0]        ; 5.333 ; 5.378 ; 5.956 ; 6.001 ;
; b[1]       ; d[1]        ; 5.343 ; 5.395 ; 5.966 ; 6.018 ;
; b[1]       ; d[2]        ; 5.486 ; 5.528 ; 6.109 ; 6.151 ;
; b[1]       ; d[3]        ; 5.506 ; 5.558 ; 6.129 ; 6.181 ;
; b[1]       ; d[4]        ; 5.478 ; 5.437 ; 6.101 ; 6.033 ;
; b[1]       ; d[5]        ; 5.495 ; 5.542 ; 6.118 ; 6.165 ;
; b[1]       ; d[6]        ; 5.460 ; 5.509 ; 6.083 ; 6.132 ;
; b[1]       ; n           ; 4.384 ; 4.404 ; 4.988 ; 5.027 ;
; b[1]       ; z           ; 5.752 ; 5.591 ; 6.375 ; 6.195 ;
; b[2]       ; d[0]        ; 5.182 ; 5.237 ; 5.739 ; 5.794 ;
; b[2]       ; d[1]        ; 5.036 ; 5.262 ; 5.593 ; 5.819 ;
; b[2]       ; d[2]        ; 5.355 ; 5.363 ; 5.912 ; 5.920 ;
; b[2]       ; d[3]        ; 5.354 ; 5.416 ; 5.911 ; 5.973 ;
; b[2]       ; d[4]        ; 5.308 ; 5.383 ; 5.865 ; 5.940 ;
; b[2]       ; d[5]        ; 5.365 ; 5.358 ; 5.922 ; 5.915 ;
; b[2]       ; d[6]        ; 5.300 ; 5.355 ; 5.857 ; 5.912 ;
; b[2]       ; n           ; 3.991 ; 4.011 ; 4.552 ; 4.591 ;
; b[2]       ; z           ; 5.614 ; 5.401 ; 6.171 ; 5.958 ;
; b[3]       ; d[0]        ; 5.005 ; 5.050 ; 5.567 ; 5.612 ;
; b[3]       ; d[1]        ; 5.015 ; 5.067 ; 5.577 ; 5.629 ;
; b[3]       ; d[2]        ; 5.158 ; 5.200 ; 5.720 ; 5.762 ;
; b[3]       ; d[3]        ; 5.178 ; 5.230 ; 5.740 ; 5.792 ;
; b[3]       ; d[4]        ; 5.150 ; 5.102 ; 5.712 ; 5.664 ;
; b[3]       ; d[5]        ; 5.167 ; 5.214 ; 5.729 ; 5.776 ;
; b[3]       ; d[6]        ; 5.132 ; 5.181 ; 5.694 ; 5.743 ;
; b[3]       ; n           ; 4.060 ; 4.076 ; 4.622 ; 4.638 ;
; b[3]       ; z           ; 5.424 ; 5.267 ; 5.986 ; 5.829 ;
; s[0]       ; d[0]        ; 5.484 ; 5.482 ; 6.062 ; 6.060 ;
; s[0]       ; d[1]        ; 5.486 ; 5.546 ; 6.064 ; 6.124 ;
; s[0]       ; d[2]        ; 5.505 ; 5.664 ; 6.083 ; 6.242 ;
; s[0]       ; d[3]        ; 5.655 ; 5.696 ; 6.233 ; 6.274 ;
; s[0]       ; d[4]        ; 5.626 ; 5.565 ; 6.204 ; 6.143 ;
; s[0]       ; d[5]        ; 5.614 ; 5.677 ; 6.192 ; 6.255 ;
; s[0]       ; d[6]        ; 5.592 ; 5.645 ; 6.170 ; 6.223 ;
; s[0]       ; n           ; 4.220 ; 4.236 ; 4.797 ; 4.813 ;
; s[0]       ; z           ; 5.888 ; 5.715 ; 6.466 ; 6.293 ;
; s[1]       ; d[0]        ; 5.359 ; 5.385 ; 5.951 ; 5.967 ;
; s[1]       ; d[1]        ; 5.361 ; 5.421 ; 5.953 ; 6.013 ;
; s[1]       ; d[2]        ; 5.503 ; 5.539 ; 6.085 ; 6.131 ;
; s[1]       ; d[3]        ; 5.530 ; 5.571 ; 6.122 ; 6.163 ;
; s[1]       ; d[4]        ; 5.501 ; 5.531 ; 6.093 ; 6.113 ;
; s[1]       ; d[5]        ; 5.513 ; 5.552 ; 6.095 ; 6.144 ;
; s[1]       ; d[6]        ; 5.467 ; 5.520 ; 6.059 ; 6.112 ;
; s[1]       ; n           ; 4.096 ; 4.112 ; 4.692 ; 4.708 ;
; s[1]       ; z           ; 5.763 ; 5.590 ; 6.355 ; 6.182 ;
+------------+-------------+-------+-------+-------+-------+


+----------------------------------------------------------+
; Minimum Propagation Delay                                ;
+------------+-------------+-------+-------+-------+-------+
; Input Port ; Output Port ; RR    ; RF    ; FR    ; FF    ;
+------------+-------------+-------+-------+-------+-------+
; a[0]       ; d[0]        ; 4.550 ; 4.595 ; 5.094 ; 5.139 ;
; a[0]       ; d[1]        ; 4.559 ; 4.611 ; 5.103 ; 5.155 ;
; a[0]       ; d[2]        ; 4.789 ; 4.736 ; 5.353 ; 5.280 ;
; a[0]       ; d[3]        ; 4.711 ; 4.764 ; 5.255 ; 5.308 ;
; a[0]       ; d[4]        ; 4.683 ; 4.842 ; 5.227 ; 5.406 ;
; a[0]       ; d[5]        ; 4.700 ; 4.864 ; 5.244 ; 5.428 ;
; a[0]       ; d[6]        ; 4.668 ; 4.718 ; 5.212 ; 5.262 ;
; a[0]       ; n           ; 4.209 ; 4.228 ; 4.790 ; 4.828 ;
; a[0]       ; z           ; 5.072 ; 4.898 ; 5.636 ; 5.442 ;
; a[1]       ; d[0]        ; 4.837 ; 4.901 ; 5.413 ; 5.477 ;
; a[1]       ; d[1]        ; 4.833 ; 4.997 ; 5.409 ; 5.566 ;
; a[1]       ; d[2]        ; 4.969 ; 5.064 ; 5.545 ; 5.640 ;
; a[1]       ; d[3]        ; 4.996 ; 5.070 ; 5.572 ; 5.646 ;
; a[1]       ; d[4]        ; 5.007 ; 5.028 ; 5.583 ; 5.604 ;
; a[1]       ; d[5]        ; 4.985 ; 5.059 ; 5.561 ; 5.635 ;
; a[1]       ; d[6]        ; 4.945 ; 5.021 ; 5.521 ; 5.597 ;
; a[1]       ; n           ; 4.155 ; 4.174 ; 4.734 ; 4.772 ;
; a[1]       ; z           ; 5.390 ; 5.221 ; 5.959 ; 5.797 ;
; a[2]       ; d[0]        ; 4.737 ; 4.787 ; 5.292 ; 5.342 ;
; a[2]       ; d[1]        ; 4.746 ; 4.803 ; 5.301 ; 5.358 ;
; a[2]       ; d[2]        ; 4.879 ; 4.927 ; 5.434 ; 5.482 ;
; a[2]       ; d[3]        ; 4.898 ; 4.956 ; 5.453 ; 5.511 ;
; a[2]       ; d[4]        ; 4.973 ; 4.922 ; 5.547 ; 5.477 ;
; a[2]       ; d[5]        ; 4.886 ; 4.939 ; 5.441 ; 5.494 ;
; a[2]       ; d[6]        ; 4.855 ; 4.909 ; 5.410 ; 5.464 ;
; a[2]       ; n           ; 3.929 ; 3.948 ; 4.484 ; 4.522 ;
; a[2]       ; z           ; 5.242 ; 5.088 ; 5.816 ; 5.643 ;
; a[3]       ; d[0]        ; 4.788 ; 4.838 ; 5.327 ; 5.377 ;
; a[3]       ; d[1]        ; 4.797 ; 4.854 ; 5.336 ; 5.393 ;
; a[3]       ; d[2]        ; 4.930 ; 4.978 ; 5.469 ; 5.517 ;
; a[3]       ; d[3]        ; 4.949 ; 5.007 ; 5.488 ; 5.546 ;
; a[3]       ; d[4]        ; 5.028 ; 4.973 ; 5.567 ; 5.512 ;
; a[3]       ; d[5]        ; 4.937 ; 4.990 ; 5.476 ; 5.529 ;
; a[3]       ; d[6]        ; 4.906 ; 4.960 ; 5.445 ; 5.499 ;
; a[3]       ; n           ; 3.980 ; 4.003 ; 4.519 ; 4.542 ;
; a[3]       ; z           ; 5.297 ; 5.139 ; 5.836 ; 5.678 ;
; b[0]       ; d[0]        ; 4.613 ; 4.658 ; 5.207 ; 5.252 ;
; b[0]       ; d[1]        ; 4.622 ; 4.674 ; 5.216 ; 5.268 ;
; b[0]       ; d[2]        ; 4.878 ; 4.799 ; 5.418 ; 5.393 ;
; b[0]       ; d[3]        ; 4.774 ; 4.827 ; 5.368 ; 5.421 ;
; b[0]       ; d[4]        ; 4.746 ; 4.931 ; 5.340 ; 5.471 ;
; b[0]       ; d[5]        ; 4.763 ; 4.953 ; 5.357 ; 5.493 ;
; b[0]       ; d[6]        ; 4.731 ; 4.781 ; 5.325 ; 5.375 ;
; b[0]       ; n           ; 4.275 ; 4.294 ; 4.859 ; 4.897 ;
; b[0]       ; z           ; 5.161 ; 4.961 ; 5.701 ; 5.555 ;
; b[1]       ; d[0]        ; 4.937 ; 5.001 ; 5.493 ; 5.557 ;
; b[1]       ; d[1]        ; 4.933 ; 5.042 ; 5.497 ; 5.596 ;
; b[1]       ; d[2]        ; 5.069 ; 5.164 ; 5.627 ; 5.748 ;
; b[1]       ; d[3]        ; 5.094 ; 5.170 ; 5.648 ; 5.731 ;
; b[1]       ; d[4]        ; 5.107 ; 5.122 ; 5.691 ; 5.676 ;
; b[1]       ; d[5]        ; 5.085 ; 5.155 ; 5.656 ; 5.709 ;
; b[1]       ; d[6]        ; 5.045 ; 5.121 ; 5.626 ; 5.675 ;
; b[1]       ; n           ; 4.255 ; 4.274 ; 4.842 ; 4.880 ;
; b[1]       ; z           ; 5.490 ; 5.318 ; 6.059 ; 5.872 ;
; b[2]       ; d[0]        ; 4.708 ; 4.758 ; 5.265 ; 5.315 ;
; b[2]       ; d[1]        ; 4.717 ; 4.774 ; 5.274 ; 5.331 ;
; b[2]       ; d[2]        ; 4.850 ; 4.898 ; 5.407 ; 5.455 ;
; b[2]       ; d[3]        ; 4.869 ; 4.927 ; 5.426 ; 5.484 ;
; b[2]       ; d[4]        ; 4.944 ; 4.893 ; 5.520 ; 5.450 ;
; b[2]       ; d[5]        ; 4.857 ; 4.910 ; 5.414 ; 5.467 ;
; b[2]       ; d[6]        ; 4.826 ; 4.880 ; 5.383 ; 5.437 ;
; b[2]       ; n           ; 3.900 ; 3.919 ; 4.457 ; 4.495 ;
; b[2]       ; z           ; 5.213 ; 5.059 ; 5.789 ; 5.616 ;
; b[3]       ; d[0]        ; 4.757 ; 4.807 ; 5.320 ; 5.370 ;
; b[3]       ; d[1]        ; 4.766 ; 4.823 ; 5.329 ; 5.386 ;
; b[3]       ; d[2]        ; 4.899 ; 4.947 ; 5.462 ; 5.510 ;
; b[3]       ; d[3]        ; 4.918 ; 4.976 ; 5.481 ; 5.539 ;
; b[3]       ; d[4]        ; 4.997 ; 4.942 ; 5.560 ; 5.505 ;
; b[3]       ; d[5]        ; 4.906 ; 4.959 ; 5.469 ; 5.522 ;
; b[3]       ; d[6]        ; 4.875 ; 4.929 ; 5.438 ; 5.492 ;
; b[3]       ; n           ; 3.949 ; 3.972 ; 4.512 ; 4.535 ;
; b[3]       ; z           ; 5.266 ; 5.108 ; 5.829 ; 5.671 ;
; s[0]       ; d[0]        ; 4.518 ; 4.563 ; 5.083 ; 5.128 ;
; s[0]       ; d[1]        ; 4.527 ; 4.579 ; 5.092 ; 5.144 ;
; s[0]       ; d[2]        ; 4.762 ; 4.704 ; 5.320 ; 5.269 ;
; s[0]       ; d[3]        ; 4.679 ; 4.732 ; 5.244 ; 5.297 ;
; s[0]       ; d[4]        ; 4.651 ; 4.815 ; 5.216 ; 5.373 ;
; s[0]       ; d[5]        ; 4.668 ; 4.837 ; 5.233 ; 5.395 ;
; s[0]       ; d[6]        ; 4.636 ; 4.686 ; 5.201 ; 5.251 ;
; s[0]       ; n           ; 3.912 ; 3.956 ; 4.504 ; 4.494 ;
; s[0]       ; z           ; 5.045 ; 4.866 ; 5.603 ; 5.431 ;
; s[1]       ; d[0]        ; 4.520 ; 4.565 ; 5.112 ; 5.157 ;
; s[1]       ; d[1]        ; 4.529 ; 4.581 ; 5.121 ; 5.173 ;
; s[1]       ; d[2]        ; 4.763 ; 4.706 ; 5.331 ; 5.298 ;
; s[1]       ; d[3]        ; 4.681 ; 4.734 ; 5.273 ; 5.326 ;
; s[1]       ; d[4]        ; 4.653 ; 4.806 ; 5.245 ; 5.384 ;
; s[1]       ; d[5]        ; 4.670 ; 4.823 ; 5.262 ; 5.406 ;
; s[1]       ; d[6]        ; 4.638 ; 4.688 ; 5.230 ; 5.280 ;
; s[1]       ; n           ; 3.813 ; 3.854 ; 4.402 ; 4.392 ;
; s[1]       ; z           ; 5.069 ; 4.868 ; 5.614 ; 5.460 ;
+------------+-------------+-------+-------+-------+-------+


---------------------------------------------
; Fast 1200mV 0C Model Metastability Report ;
---------------------------------------------
No synchronizer chains to report.


+----------------------------------------------------------------------------+
; Multicorner Timing Analysis Summary                                        ;
+------------------+-------+------+----------+---------+---------------------+
; Clock            ; Setup ; Hold ; Recovery ; Removal ; Minimum Pulse Width ;
+------------------+-------+------+----------+---------+---------------------+
; Worst-case Slack ; N/A   ; N/A  ; N/A      ; N/A     ; N/A                 ;
; Design-wide TNS  ; 0.0   ; 0.0  ; 0.0      ; 0.0     ; 0.0                 ;
+------------------+-------+------+----------+---------+---------------------+


+------------------------------------------------------------+
; Progagation Delay                                          ;
+------------+-------------+-------+-------+--------+--------+
; Input Port ; Output Port ; RR    ; RF    ; FR     ; FF     ;
+------------+-------------+-------+-------+--------+--------+
; a[0]       ; d[0]        ; 8.948 ; 8.934 ; 9.394  ; 9.371  ;
; a[0]       ; d[1]        ; 8.972 ; 8.963 ; 9.412  ; 9.396  ;
; a[0]       ; d[2]        ; 9.246 ; 9.200 ; 9.695  ; 9.640  ;
; a[0]       ; d[3]        ; 9.294 ; 9.236 ; 9.741  ; 9.674  ;
; a[0]       ; d[4]        ; 9.211 ; 9.197 ; 9.676  ; 9.630  ;
; a[0]       ; d[5]        ; 9.259 ; 9.222 ; 9.708  ; 9.662  ;
; a[0]       ; d[6]        ; 9.220 ; 9.160 ; 9.666  ; 9.597  ;
; a[0]       ; n           ; 7.292 ; 7.270 ; 7.725  ; 7.735  ;
; a[0]       ; z           ; 9.483 ; 9.502 ; 9.948  ; 9.935  ;
; a[1]       ; d[0]        ; 9.086 ; 9.058 ; 9.531  ; 9.503  ;
; a[1]       ; d[1]        ; 9.090 ; 9.102 ; 9.535  ; 9.547  ;
; a[1]       ; d[2]        ; 9.336 ; 9.326 ; 9.781  ; 9.771  ;
; a[1]       ; d[3]        ; 9.429 ; 9.359 ; 9.874  ; 9.804  ;
; a[1]       ; d[4]        ; 9.365 ; 9.317 ; 9.810  ; 9.762  ;
; a[1]       ; d[5]        ; 9.350 ; 9.348 ; 9.795  ; 9.793  ;
; a[1]       ; d[6]        ; 9.334 ; 9.281 ; 9.779  ; 9.726  ;
; a[1]       ; n           ; 7.194 ; 7.172 ; 7.625  ; 7.635  ;
; a[1]       ; z           ; 9.634 ; 9.590 ; 10.079 ; 10.035 ;
; a[2]       ; d[0]        ; 8.878 ; 8.886 ; 9.319  ; 9.327  ;
; a[2]       ; d[1]        ; 8.837 ; 8.926 ; 9.262  ; 9.367  ;
; a[2]       ; d[2]        ; 9.218 ; 9.116 ; 9.659  ; 9.553  ;
; a[2]       ; d[3]        ; 9.227 ; 9.191 ; 9.668  ; 9.632  ;
; a[2]       ; d[4]        ; 9.131 ; 9.152 ; 9.572  ; 9.593  ;
; a[2]       ; d[5]        ; 9.232 ; 9.139 ; 9.673  ; 9.564  ;
; a[2]       ; d[6]        ; 9.153 ; 9.095 ; 9.594  ; 9.536  ;
; a[2]       ; n           ; 6.823 ; 6.801 ; 7.258  ; 7.268  ;
; a[2]       ; z           ; 9.470 ; 9.388 ; 9.911  ; 9.813  ;
; a[3]       ; d[0]        ; 8.525 ; 8.511 ; 8.939  ; 8.925  ;
; a[3]       ; d[1]        ; 8.549 ; 8.540 ; 8.963  ; 8.954  ;
; a[3]       ; d[2]        ; 8.823 ; 8.777 ; 9.237  ; 9.191  ;
; a[3]       ; d[3]        ; 8.871 ; 8.813 ; 9.285  ; 9.227  ;
; a[3]       ; d[4]        ; 8.781 ; 8.774 ; 9.195  ; 9.188  ;
; a[3]       ; d[5]        ; 8.836 ; 8.799 ; 9.250  ; 9.213  ;
; a[3]       ; d[6]        ; 8.797 ; 8.737 ; 9.211  ; 9.151  ;
; a[3]       ; n           ; 6.869 ; 6.840 ; 7.283  ; 7.254  ;
; a[3]       ; z           ; 9.053 ; 9.079 ; 9.467  ; 9.493  ;
; b[0]       ; d[0]        ; 9.123 ; 9.109 ; 9.580  ; 9.557  ;
; b[0]       ; d[1]        ; 9.147 ; 9.138 ; 9.598  ; 9.582  ;
; b[0]       ; d[2]        ; 9.421 ; 9.375 ; 9.881  ; 9.826  ;
; b[0]       ; d[3]        ; 9.469 ; 9.411 ; 9.927  ; 9.860  ;
; b[0]       ; d[4]        ; 9.386 ; 9.372 ; 9.862  ; 9.816  ;
; b[0]       ; d[5]        ; 9.434 ; 9.397 ; 9.894  ; 9.848  ;
; b[0]       ; d[6]        ; 9.395 ; 9.335 ; 9.852  ; 9.783  ;
; b[0]       ; n           ; 7.467 ; 7.445 ; 7.911  ; 7.921  ;
; b[0]       ; z           ; 9.658 ; 9.677 ; 10.134 ; 10.121 ;
; b[1]       ; d[0]        ; 9.072 ; 9.058 ; 9.551  ; 9.528  ;
; b[1]       ; d[1]        ; 9.096 ; 9.087 ; 9.569  ; 9.553  ;
; b[1]       ; d[2]        ; 9.370 ; 9.324 ; 9.852  ; 9.797  ;
; b[1]       ; d[3]        ; 9.418 ; 9.360 ; 9.898  ; 9.831  ;
; b[1]       ; d[4]        ; 9.335 ; 9.321 ; 9.833  ; 9.787  ;
; b[1]       ; d[5]        ; 9.383 ; 9.346 ; 9.865  ; 9.819  ;
; b[1]       ; d[6]        ; 9.344 ; 9.284 ; 9.823  ; 9.754  ;
; b[1]       ; n           ; 7.416 ; 7.394 ; 7.882  ; 7.892  ;
; b[1]       ; z           ; 9.607 ; 9.626 ; 10.105 ; 10.092 ;
; b[2]       ; d[0]        ; 8.755 ; 8.763 ; 9.184  ; 9.192  ;
; b[2]       ; d[1]        ; 8.722 ; 8.803 ; 9.127  ; 9.232  ;
; b[2]       ; d[2]        ; 9.095 ; 9.001 ; 9.524  ; 9.418  ;
; b[2]       ; d[3]        ; 9.104 ; 9.068 ; 9.533  ; 9.497  ;
; b[2]       ; d[4]        ; 9.008 ; 9.029 ; 9.437  ; 9.458  ;
; b[2]       ; d[5]        ; 9.109 ; 9.024 ; 9.538  ; 9.429  ;
; b[2]       ; d[6]        ; 9.030 ; 8.972 ; 9.459  ; 9.401  ;
; b[2]       ; n           ; 6.726 ; 6.704 ; 7.151  ; 7.161  ;
; b[2]       ; z           ; 9.347 ; 9.273 ; 9.776  ; 9.678  ;
; b[3]       ; d[0]        ; 8.459 ; 8.445 ; 8.862  ; 8.848  ;
; b[3]       ; d[1]        ; 8.483 ; 8.474 ; 8.886  ; 8.877  ;
; b[3]       ; d[2]        ; 8.757 ; 8.711 ; 9.160  ; 9.114  ;
; b[3]       ; d[3]        ; 8.805 ; 8.747 ; 9.208  ; 9.150  ;
; b[3]       ; d[4]        ; 8.715 ; 8.708 ; 9.122  ; 9.111  ;
; b[3]       ; d[5]        ; 8.770 ; 8.733 ; 9.173  ; 9.136  ;
; b[3]       ; d[6]        ; 8.731 ; 8.671 ; 9.134  ; 9.074  ;
; b[3]       ; n           ; 6.803 ; 6.774 ; 7.206  ; 7.181  ;
; b[3]       ; z           ; 8.987 ; 9.013 ; 9.394  ; 9.416  ;
; s[0]       ; d[0]        ; 9.289 ; 9.261 ; 9.707  ; 9.679  ;
; s[0]       ; d[1]        ; 9.293 ; 9.305 ; 9.711  ; 9.723  ;
; s[0]       ; d[2]        ; 9.539 ; 9.529 ; 9.957  ; 9.947  ;
; s[0]       ; d[3]        ; 9.632 ; 9.562 ; 10.050 ; 9.980  ;
; s[0]       ; d[4]        ; 9.568 ; 9.520 ; 9.986  ; 9.938  ;
; s[0]       ; d[5]        ; 9.553 ; 9.551 ; 9.971  ; 9.969  ;
; s[0]       ; d[6]        ; 9.537 ; 9.484 ; 9.955  ; 9.902  ;
; s[0]       ; n           ; 7.104 ; 7.075 ; 7.529  ; 7.500  ;
; s[0]       ; z           ; 9.837 ; 9.793 ; 10.255 ; 10.211 ;
; s[1]       ; d[0]        ; 9.060 ; 9.032 ; 9.520  ; 9.492  ;
; s[1]       ; d[1]        ; 9.064 ; 9.076 ; 9.524  ; 9.536  ;
; s[1]       ; d[2]        ; 9.344 ; 9.300 ; 9.786  ; 9.760  ;
; s[1]       ; d[3]        ; 9.403 ; 9.333 ; 9.863  ; 9.793  ;
; s[1]       ; d[4]        ; 9.339 ; 9.291 ; 9.799  ; 9.751  ;
; s[1]       ; d[5]        ; 9.358 ; 9.322 ; 9.800  ; 9.782  ;
; s[1]       ; d[6]        ; 9.308 ; 9.255 ; 9.768  ; 9.715  ;
; s[1]       ; n           ; 6.875 ; 6.846 ; 7.339  ; 7.310  ;
; s[1]       ; z           ; 9.608 ; 9.564 ; 10.068 ; 10.024 ;
+------------+-------------+-------+-------+--------+--------+


+----------------------------------------------------------+
; Minimum Progagation Delay                                ;
+------------+-------------+-------+-------+-------+-------+
; Input Port ; Output Port ; RR    ; RF    ; FR    ; FF    ;
+------------+-------------+-------+-------+-------+-------+
; a[0]       ; d[0]        ; 4.550 ; 4.595 ; 5.094 ; 5.139 ;
; a[0]       ; d[1]        ; 4.559 ; 4.611 ; 5.103 ; 5.155 ;
; a[0]       ; d[2]        ; 4.789 ; 4.736 ; 5.353 ; 5.280 ;
; a[0]       ; d[3]        ; 4.711 ; 4.764 ; 5.255 ; 5.308 ;
; a[0]       ; d[4]        ; 4.683 ; 4.842 ; 5.227 ; 5.406 ;
; a[0]       ; d[5]        ; 4.700 ; 4.864 ; 5.244 ; 5.428 ;
; a[0]       ; d[6]        ; 4.668 ; 4.718 ; 5.212 ; 5.262 ;
; a[0]       ; n           ; 4.209 ; 4.228 ; 4.790 ; 4.828 ;
; a[0]       ; z           ; 5.072 ; 4.898 ; 5.636 ; 5.442 ;
; a[1]       ; d[0]        ; 4.837 ; 4.901 ; 5.413 ; 5.477 ;
; a[1]       ; d[1]        ; 4.833 ; 4.997 ; 5.409 ; 5.566 ;
; a[1]       ; d[2]        ; 4.969 ; 5.064 ; 5.545 ; 5.640 ;
; a[1]       ; d[3]        ; 4.996 ; 5.070 ; 5.572 ; 5.646 ;
; a[1]       ; d[4]        ; 5.007 ; 5.028 ; 5.583 ; 5.604 ;
; a[1]       ; d[5]        ; 4.985 ; 5.059 ; 5.561 ; 5.635 ;
; a[1]       ; d[6]        ; 4.945 ; 5.021 ; 5.521 ; 5.597 ;
; a[1]       ; n           ; 4.155 ; 4.174 ; 4.734 ; 4.772 ;
; a[1]       ; z           ; 5.390 ; 5.221 ; 5.959 ; 5.797 ;
; a[2]       ; d[0]        ; 4.737 ; 4.787 ; 5.292 ; 5.342 ;
; a[2]       ; d[1]        ; 4.746 ; 4.803 ; 5.301 ; 5.358 ;
; a[2]       ; d[2]        ; 4.879 ; 4.927 ; 5.434 ; 5.482 ;
; a[2]       ; d[3]        ; 4.898 ; 4.956 ; 5.453 ; 5.511 ;
; a[2]       ; d[4]        ; 4.973 ; 4.922 ; 5.547 ; 5.477 ;
; a[2]       ; d[5]        ; 4.886 ; 4.939 ; 5.441 ; 5.494 ;
; a[2]       ; d[6]        ; 4.855 ; 4.909 ; 5.410 ; 5.464 ;
; a[2]       ; n           ; 3.929 ; 3.948 ; 4.484 ; 4.522 ;
; a[2]       ; z           ; 5.242 ; 5.088 ; 5.816 ; 5.643 ;
; a[3]       ; d[0]        ; 4.788 ; 4.838 ; 5.327 ; 5.377 ;
; a[3]       ; d[1]        ; 4.797 ; 4.854 ; 5.336 ; 5.393 ;
; a[3]       ; d[2]        ; 4.930 ; 4.978 ; 5.469 ; 5.517 ;
; a[3]       ; d[3]        ; 4.949 ; 5.007 ; 5.488 ; 5.546 ;
; a[3]       ; d[4]        ; 5.028 ; 4.973 ; 5.567 ; 5.512 ;
; a[3]       ; d[5]        ; 4.937 ; 4.990 ; 5.476 ; 5.529 ;
; a[3]       ; d[6]        ; 4.906 ; 4.960 ; 5.445 ; 5.499 ;
; a[3]       ; n           ; 3.980 ; 4.003 ; 4.519 ; 4.542 ;
; a[3]       ; z           ; 5.297 ; 5.139 ; 5.836 ; 5.678 ;
; b[0]       ; d[0]        ; 4.613 ; 4.658 ; 5.207 ; 5.252 ;
; b[0]       ; d[1]        ; 4.622 ; 4.674 ; 5.216 ; 5.268 ;
; b[0]       ; d[2]        ; 4.878 ; 4.799 ; 5.418 ; 5.393 ;
; b[0]       ; d[3]        ; 4.774 ; 4.827 ; 5.368 ; 5.421 ;
; b[0]       ; d[4]        ; 4.746 ; 4.931 ; 5.340 ; 5.471 ;
; b[0]       ; d[5]        ; 4.763 ; 4.953 ; 5.357 ; 5.493 ;
; b[0]       ; d[6]        ; 4.731 ; 4.781 ; 5.325 ; 5.375 ;
; b[0]       ; n           ; 4.275 ; 4.294 ; 4.859 ; 4.897 ;
; b[0]       ; z           ; 5.161 ; 4.961 ; 5.701 ; 5.555 ;
; b[1]       ; d[0]        ; 4.937 ; 5.001 ; 5.493 ; 5.557 ;
; b[1]       ; d[1]        ; 4.933 ; 5.042 ; 5.497 ; 5.596 ;
; b[1]       ; d[2]        ; 5.069 ; 5.164 ; 5.627 ; 5.748 ;
; b[1]       ; d[3]        ; 5.094 ; 5.170 ; 5.648 ; 5.731 ;
; b[1]       ; d[4]        ; 5.107 ; 5.122 ; 5.691 ; 5.676 ;
; b[1]       ; d[5]        ; 5.085 ; 5.155 ; 5.656 ; 5.709 ;
; b[1]       ; d[6]        ; 5.045 ; 5.121 ; 5.626 ; 5.675 ;
; b[1]       ; n           ; 4.255 ; 4.274 ; 4.842 ; 4.880 ;
; b[1]       ; z           ; 5.490 ; 5.318 ; 6.059 ; 5.872 ;
; b[2]       ; d[0]        ; 4.708 ; 4.758 ; 5.265 ; 5.315 ;
; b[2]       ; d[1]        ; 4.717 ; 4.774 ; 5.274 ; 5.331 ;
; b[2]       ; d[2]        ; 4.850 ; 4.898 ; 5.407 ; 5.455 ;
; b[2]       ; d[3]        ; 4.869 ; 4.927 ; 5.426 ; 5.484 ;
; b[2]       ; d[4]        ; 4.944 ; 4.893 ; 5.520 ; 5.450 ;
; b[2]       ; d[5]        ; 4.857 ; 4.910 ; 5.414 ; 5.467 ;
; b[2]       ; d[6]        ; 4.826 ; 4.880 ; 5.383 ; 5.437 ;
; b[2]       ; n           ; 3.900 ; 3.919 ; 4.457 ; 4.495 ;
; b[2]       ; z           ; 5.213 ; 5.059 ; 5.789 ; 5.616 ;
; b[3]       ; d[0]        ; 4.757 ; 4.807 ; 5.320 ; 5.370 ;
; b[3]       ; d[1]        ; 4.766 ; 4.823 ; 5.329 ; 5.386 ;
; b[3]       ; d[2]        ; 4.899 ; 4.947 ; 5.462 ; 5.510 ;
; b[3]       ; d[3]        ; 4.918 ; 4.976 ; 5.481 ; 5.539 ;
; b[3]       ; d[4]        ; 4.997 ; 4.942 ; 5.560 ; 5.505 ;
; b[3]       ; d[5]        ; 4.906 ; 4.959 ; 5.469 ; 5.522 ;
; b[3]       ; d[6]        ; 4.875 ; 4.929 ; 5.438 ; 5.492 ;
; b[3]       ; n           ; 3.949 ; 3.972 ; 4.512 ; 4.535 ;
; b[3]       ; z           ; 5.266 ; 5.108 ; 5.829 ; 5.671 ;
; s[0]       ; d[0]        ; 4.518 ; 4.563 ; 5.083 ; 5.128 ;
; s[0]       ; d[1]        ; 4.527 ; 4.579 ; 5.092 ; 5.144 ;
; s[0]       ; d[2]        ; 4.762 ; 4.704 ; 5.320 ; 5.269 ;
; s[0]       ; d[3]        ; 4.679 ; 4.732 ; 5.244 ; 5.297 ;
; s[0]       ; d[4]        ; 4.651 ; 4.815 ; 5.216 ; 5.373 ;
; s[0]       ; d[5]        ; 4.668 ; 4.837 ; 5.233 ; 5.395 ;
; s[0]       ; d[6]        ; 4.636 ; 4.686 ; 5.201 ; 5.251 ;
; s[0]       ; n           ; 3.912 ; 3.956 ; 4.504 ; 4.494 ;
; s[0]       ; z           ; 5.045 ; 4.866 ; 5.603 ; 5.431 ;
; s[1]       ; d[0]        ; 4.520 ; 4.565 ; 5.112 ; 5.157 ;
; s[1]       ; d[1]        ; 4.529 ; 4.581 ; 5.121 ; 5.173 ;
; s[1]       ; d[2]        ; 4.763 ; 4.706 ; 5.331 ; 5.298 ;
; s[1]       ; d[3]        ; 4.681 ; 4.734 ; 5.273 ; 5.326 ;
; s[1]       ; d[4]        ; 4.653 ; 4.806 ; 5.245 ; 5.384 ;
; s[1]       ; d[5]        ; 4.670 ; 4.823 ; 5.262 ; 5.406 ;
; s[1]       ; d[6]        ; 4.638 ; 4.688 ; 5.230 ; 5.280 ;
; s[1]       ; n           ; 3.813 ; 3.854 ; 4.402 ; 4.392 ;
; s[1]       ; z           ; 5.069 ; 4.868 ; 5.614 ; 5.460 ;
+------------+-------------+-------+-------+-------+-------+


+------------------------------------------------------------------------------------------------------------------------------------------------------------------------------------------------------------------------------------------------------------------------------------------------------------------------------------------------------------------------------------------------------------------+
; Board Trace Model Assignments                                                                                                                                                                                                                                                                                                                                                                                    ;
+---------------+--------------+-------------------+-------------------------+-------------------------+---------------+---------------------+----------------+------------------+--------+------------------+------------------------+------------------------+--------------+---------------+-----------------+-------+---------------------+--------------------+---------------+-----------------+-------------+
; Pin           ; I/O Standard ; Near Tline Length ; Near Tline L per Length ; Near Tline C per Length ; Near Series R ; Near Differential R ; Near Pull-up R ; Near Pull-down R ; Near C ; Far Tline Length ; Far Tline L per Length ; Far Tline C per Length ; Far Series R ; Far Pull-up R ; Far Pull-down R ; Far C ; Termination Voltage ; Far Differential R ; EBD File Name ; EBD Signal Name ; EBD Far-end ;
+---------------+--------------+-------------------+-------------------------+-------------------------+---------------+---------------------+----------------+------------------+--------+------------------+------------------------+------------------------+--------------+---------------+-----------------+-------+---------------------+--------------------+---------------+-----------------+-------------+
; n             ; 2.5 V        ; 0 in              ; 0 H/in                  ; 0 F/in                  ; short         ; -                   ; open           ; open             ; open   ; 0 in             ; 0 H/in                 ; 0 F/in                 ; short        ; open          ; open            ; open  ; 0 V                 ; -                  ; n/a           ; n/a             ; n/a         ;
; z             ; 2.5 V        ; 0 in              ; 0 H/in                  ; 0 F/in                  ; short         ; -                   ; open           ; open             ; open   ; 0 in             ; 0 H/in                 ; 0 F/in                 ; short        ; open          ; open            ; open  ; 0 V                 ; -                  ; n/a           ; n/a             ; n/a         ;
; d[6]          ; 2.5 V        ; 0 in              ; 0 H/in                  ; 0 F/in                  ; short         ; -                   ; open           ; open             ; open   ; 0 in             ; 0 H/in                 ; 0 F/in                 ; short        ; open          ; open            ; open  ; 0 V                 ; -                  ; n/a           ; n/a             ; n/a         ;
; d[5]          ; 2.5 V        ; 0 in              ; 0 H/in                  ; 0 F/in                  ; short         ; -                   ; open           ; open             ; open   ; 0 in             ; 0 H/in                 ; 0 F/in                 ; short        ; open          ; open            ; open  ; 0 V                 ; -                  ; n/a           ; n/a             ; n/a         ;
; d[4]          ; 2.5 V        ; 0 in              ; 0 H/in                  ; 0 F/in                  ; short         ; -                   ; open           ; open             ; open   ; 0 in             ; 0 H/in                 ; 0 F/in                 ; short        ; open          ; open            ; open  ; 0 V                 ; -                  ; n/a           ; n/a             ; n/a         ;
; d[3]          ; 2.5 V        ; 0 in              ; 0 H/in                  ; 0 F/in                  ; short         ; -                   ; open           ; open             ; open   ; 0 in             ; 0 H/in                 ; 0 F/in                 ; short        ; open          ; open            ; open  ; 0 V                 ; -                  ; n/a           ; n/a             ; n/a         ;
; d[2]          ; 2.5 V        ; 0 in              ; 0 H/in                  ; 0 F/in                  ; short         ; -                   ; open           ; open             ; open   ; 0 in             ; 0 H/in                 ; 0 F/in                 ; short        ; open          ; open            ; open  ; 0 V                 ; -                  ; n/a           ; n/a             ; n/a         ;
; d[1]          ; 2.5 V        ; 0 in              ; 0 H/in                  ; 0 F/in                  ; short         ; -                   ; open           ; open             ; open   ; 0 in             ; 0 H/in                 ; 0 F/in                 ; short        ; open          ; open            ; open  ; 0 V                 ; -                  ; n/a           ; n/a             ; n/a         ;
; d[0]          ; 2.5 V        ; 0 in              ; 0 H/in                  ; 0 F/in                  ; short         ; -                   ; open           ; open             ; open   ; 0 in             ; 0 H/in                 ; 0 F/in                 ; short        ; open          ; open            ; open  ; 0 V                 ; -                  ; n/a           ; n/a             ; n/a         ;
; ~ALTERA_DCLK~ ; 2.5 V        ; 0 in              ; 0 H/in                  ; 0 F/in                  ; short         ; -                   ; open           ; open             ; open   ; 0 in             ; 0 H/in                 ; 0 F/in                 ; short        ; open          ; open            ; open  ; 0 V                 ; -                  ; n/a           ; n/a             ; n/a         ;
; ~ALTERA_nCEO~ ; 2.5 V        ; 0 in              ; 0 H/in                  ; 0 F/in                  ; short         ; -                   ; open           ; open             ; open   ; 0 in             ; 0 H/in                 ; 0 F/in                 ; short        ; open          ; open            ; open  ; 0 V                 ; -                  ; n/a           ; n/a             ; n/a         ;
+---------------+--------------+-------------------+-------------------------+-------------------------+---------------+---------------------+----------------+------------------+--------+------------------+------------------------+------------------------+--------------+---------------+-----------------+-------+---------------------+--------------------+---------------+-----------------+-------------+


+----------------------------------------------------------------------------+
; Input Transition Times                                                     ;
+-------------------------+--------------+-----------------+-----------------+
; Pin                     ; I/O Standard ; 10-90 Rise Time ; 90-10 Fall Time ;
+-------------------------+--------------+-----------------+-----------------+
; a[2]                    ; 2.5 V        ; 2000 ps         ; 2000 ps         ;
; b[2]                    ; 2.5 V        ; 2000 ps         ; 2000 ps         ;
; b[0]                    ; 2.5 V        ; 2000 ps         ; 2000 ps         ;
; a[0]                    ; 2.5 V        ; 2000 ps         ; 2000 ps         ;
; a[1]                    ; 2.5 V        ; 2000 ps         ; 2000 ps         ;
; b[1]                    ; 2.5 V        ; 2000 ps         ; 2000 ps         ;
; b[3]                    ; 2.5 V        ; 2000 ps         ; 2000 ps         ;
; a[3]                    ; 2.5 V        ; 2000 ps         ; 2000 ps         ;
; s[1]                    ; 2.5 V        ; 2000 ps         ; 2000 ps         ;
; s[0]                    ; 2.5 V        ; 2000 ps         ; 2000 ps         ;
; ~ALTERA_ASDO_DATA1~     ; 2.5 V        ; 2000 ps         ; 2000 ps         ;
; ~ALTERA_FLASH_nCE_nCSO~ ; 2.5 V        ; 2000 ps         ; 2000 ps         ;
; ~ALTERA_DATA0~          ; 2.5 V        ; 2000 ps         ; 2000 ps         ;
+-------------------------+--------------+-----------------+-----------------+


+--------------------------------------------------------------------------------------------------------------------------------------------------------------------------------------------------------------------------------------------------------------------------------------------------------------------------------------------------------------------------------------------------------------------------------------------------------------------------------------------------------------------------------------------------------------------------------------------------------------------------------------------------------------------------------------------+
; Slow Corner Signal Integrity Metrics                                                                                                                                                                                                                                                                                                                                                                                                                                                                                                                                                                                                                                                       ;
+---------------+--------------+---------------------+---------------------+------------------------------+------------------------------+---------------------+---------------------+--------------------------------------+--------------------------------------+-----------------------------+-----------------------------+----------------------------+----------------------------+-----------------------------+-----------------------------+--------------------+--------------------+-------------------------------------+-------------------------------------+----------------------------+----------------------------+---------------------------+---------------------------+
; Pin           ; I/O Standard ; Board Delay on Rise ; Board Delay on Fall ; Steady State Voh at FPGA Pin ; Steady State Vol at FPGA Pin ; Voh Max at FPGA Pin ; Vol Min at FPGA Pin ; Ringback Voltage on Rise at FPGA Pin ; Ringback Voltage on Fall at FPGA Pin ; 10-90 Rise Time at FPGA Pin ; 90-10 Fall Time at FPGA Pin ; Monotonic Rise at FPGA Pin ; Monotonic Fall at FPGA Pin ; Steady State Voh at Far-end ; Steady State Vol at Far-end ; Voh Max at Far-end ; Vol Min at Far-end ; Ringback Voltage on Rise at Far-end ; Ringback Voltage on Fall at Far-end ; 10-90 Rise Time at Far-end ; 90-10 Fall Time at Far-end ; Monotonic Rise at Far-end ; Monotonic Fall at Far-end ;
+---------------+--------------+---------------------+---------------------+------------------------------+------------------------------+---------------------+---------------------+--------------------------------------+--------------------------------------+-----------------------------+-----------------------------+----------------------------+----------------------------+-----------------------------+-----------------------------+--------------------+--------------------+-------------------------------------+-------------------------------------+----------------------------+----------------------------+---------------------------+---------------------------+
; n             ; 2.5 V        ; 0 s                 ; 0 s                 ; 2.32 V                       ; 7.25e-07 V                   ; 2.35 V              ; -0.0111 V           ; 0.113 V                              ; 0.035 V                              ; 7.76e-10 s                  ; 8.04e-10 s                  ; Yes                        ; Yes                        ; 2.32 V                      ; 7.25e-07 V                  ; 2.35 V             ; -0.0111 V          ; 0.113 V                             ; 0.035 V                             ; 7.76e-10 s                 ; 8.04e-10 s                 ; Yes                       ; Yes                       ;
; z             ; 2.5 V        ; 0 s                 ; 0 s                 ; 2.32 V                       ; 7.25e-07 V                   ; 2.35 V              ; -0.0111 V           ; 0.113 V                              ; 0.035 V                              ; 7.76e-10 s                  ; 8.04e-10 s                  ; Yes                        ; Yes                        ; 2.32 V                      ; 7.25e-07 V                  ; 2.35 V             ; -0.0111 V          ; 0.113 V                             ; 0.035 V                             ; 7.76e-10 s                 ; 8.04e-10 s                 ; Yes                       ; Yes                       ;
; d[6]          ; 2.5 V        ; 0 s                 ; 0 s                 ; 2.32 V                       ; 1.08e-06 V                   ; 2.36 V              ; -0.0113 V           ; 0.122 V                              ; 0.022 V                              ; 4.5e-10 s                   ; 4.45e-10 s                  ; Yes                        ; Yes                        ; 2.32 V                      ; 1.08e-06 V                  ; 2.36 V             ; -0.0113 V          ; 0.122 V                             ; 0.022 V                             ; 4.5e-10 s                  ; 4.45e-10 s                 ; Yes                       ; Yes                       ;
; d[5]          ; 2.5 V        ; 0 s                 ; 0 s                 ; 2.32 V                       ; 1.08e-06 V                   ; 2.36 V              ; -0.0113 V           ; 0.122 V                              ; 0.022 V                              ; 4.5e-10 s                   ; 4.45e-10 s                  ; Yes                        ; Yes                        ; 2.32 V                      ; 1.08e-06 V                  ; 2.36 V             ; -0.0113 V          ; 0.122 V                             ; 0.022 V                             ; 4.5e-10 s                  ; 4.45e-10 s                 ; Yes                       ; Yes                       ;
; d[4]          ; 2.5 V        ; 0 s                 ; 0 s                 ; 2.32 V                       ; 1.08e-06 V                   ; 2.36 V              ; -0.0113 V           ; 0.122 V                              ; 0.022 V                              ; 4.5e-10 s                   ; 4.45e-10 s                  ; Yes                        ; Yes                        ; 2.32 V                      ; 1.08e-06 V                  ; 2.36 V             ; -0.0113 V          ; 0.122 V                             ; 0.022 V                             ; 4.5e-10 s                  ; 4.45e-10 s                 ; Yes                       ; Yes                       ;
; d[3]          ; 2.5 V        ; 0 s                 ; 0 s                 ; 2.32 V                       ; 1.08e-06 V                   ; 2.36 V              ; -0.0113 V           ; 0.122 V                              ; 0.022 V                              ; 4.5e-10 s                   ; 4.45e-10 s                  ; Yes                        ; Yes                        ; 2.32 V                      ; 1.08e-06 V                  ; 2.36 V             ; -0.0113 V          ; 0.122 V                             ; 0.022 V                             ; 4.5e-10 s                  ; 4.45e-10 s                 ; Yes                       ; Yes                       ;
; d[2]          ; 2.5 V        ; 0 s                 ; 0 s                 ; 2.32 V                       ; 1.08e-06 V                   ; 2.36 V              ; -0.0113 V           ; 0.122 V                              ; 0.022 V                              ; 4.5e-10 s                   ; 4.45e-10 s                  ; Yes                        ; Yes                        ; 2.32 V                      ; 1.08e-06 V                  ; 2.36 V             ; -0.0113 V          ; 0.122 V                             ; 0.022 V                             ; 4.5e-10 s                  ; 4.45e-10 s                 ; Yes                       ; Yes                       ;
; d[1]          ; 2.5 V        ; 0 s                 ; 0 s                 ; 2.32 V                       ; 1.08e-06 V                   ; 2.36 V              ; -0.0113 V           ; 0.122 V                              ; 0.022 V                              ; 4.5e-10 s                   ; 4.45e-10 s                  ; Yes                        ; Yes                        ; 2.32 V                      ; 1.08e-06 V                  ; 2.36 V             ; -0.0113 V          ; 0.122 V                             ; 0.022 V                             ; 4.5e-10 s                  ; 4.45e-10 s                 ; Yes                       ; Yes                       ;
; d[0]          ; 2.5 V        ; 0 s                 ; 0 s                 ; 2.32 V                       ; 1.08e-06 V                   ; 2.36 V              ; -0.0113 V           ; 0.122 V                              ; 0.022 V                              ; 4.5e-10 s                   ; 4.45e-10 s                  ; Yes                        ; Yes                        ; 2.32 V                      ; 1.08e-06 V                  ; 2.36 V             ; -0.0113 V          ; 0.122 V                             ; 0.022 V                             ; 4.5e-10 s                  ; 4.45e-10 s                 ; Yes                       ; Yes                       ;
; ~ALTERA_DCLK~ ; 2.5 V        ; 0 s                 ; 0 s                 ; 2.32 V                       ; 5.68e-07 V                   ; 2.35 V              ; -0.0132 V           ; 0.2 V                                ; 0.027 V                              ; 5.26e-10 s                  ; 4.81e-10 s                  ; Yes                        ; Yes                        ; 2.32 V                      ; 5.68e-07 V                  ; 2.35 V             ; -0.0132 V          ; 0.2 V                               ; 0.027 V                             ; 5.26e-10 s                 ; 4.81e-10 s                 ; Yes                       ; Yes                       ;
; ~ALTERA_nCEO~ ; 2.5 V        ; 0 s                 ; 0 s                 ; 2.32 V                       ; 9.36e-07 V                   ; 2.35 V              ; -0.00444 V          ; 0.18 V                               ; 0.019 V                              ; 7.23e-10 s                  ; 9.82e-10 s                  ; Yes                        ; Yes                        ; 2.32 V                      ; 9.36e-07 V                  ; 2.35 V             ; -0.00444 V         ; 0.18 V                              ; 0.019 V                             ; 7.23e-10 s                 ; 9.82e-10 s                 ; Yes                       ; Yes                       ;
+---------------+--------------+---------------------+---------------------+------------------------------+------------------------------+---------------------+---------------------+--------------------------------------+--------------------------------------+-----------------------------+-----------------------------+----------------------------+----------------------------+-----------------------------+-----------------------------+--------------------+--------------------+-------------------------------------+-------------------------------------+----------------------------+----------------------------+---------------------------+---------------------------+


+--------------------------------------------------------------------------------------------------------------------------------------------------------------------------------------------------------------------------------------------------------------------------------------------------------------------------------------------------------------------------------------------------------------------------------------------------------------------------------------------------------------------------------------------------------------------------------------------------------------------------------------------------------------------------------------------+
; Fast Corner Signal Integrity Metrics                                                                                                                                                                                                                                                                                                                                                                                                                                                                                                                                                                                                                                                       ;
+---------------+--------------+---------------------+---------------------+------------------------------+------------------------------+---------------------+---------------------+--------------------------------------+--------------------------------------+-----------------------------+-----------------------------+----------------------------+----------------------------+-----------------------------+-----------------------------+--------------------+--------------------+-------------------------------------+-------------------------------------+----------------------------+----------------------------+---------------------------+---------------------------+
; Pin           ; I/O Standard ; Board Delay on Rise ; Board Delay on Fall ; Steady State Voh at FPGA Pin ; Steady State Vol at FPGA Pin ; Voh Max at FPGA Pin ; Vol Min at FPGA Pin ; Ringback Voltage on Rise at FPGA Pin ; Ringback Voltage on Fall at FPGA Pin ; 10-90 Rise Time at FPGA Pin ; 90-10 Fall Time at FPGA Pin ; Monotonic Rise at FPGA Pin ; Monotonic Fall at FPGA Pin ; Steady State Voh at Far-end ; Steady State Vol at Far-end ; Voh Max at Far-end ; Vol Min at Far-end ; Ringback Voltage on Rise at Far-end ; Ringback Voltage on Fall at Far-end ; 10-90 Rise Time at Far-end ; 90-10 Fall Time at Far-end ; Monotonic Rise at Far-end ; Monotonic Fall at Far-end ;
+---------------+--------------+---------------------+---------------------+------------------------------+------------------------------+---------------------+---------------------+--------------------------------------+--------------------------------------+-----------------------------+-----------------------------+----------------------------+----------------------------+-----------------------------+-----------------------------+--------------------+--------------------+-------------------------------------+-------------------------------------+----------------------------+----------------------------+---------------------------+---------------------------+
; n             ; 2.5 V        ; 0 s                 ; 0 s                 ; 2.62 V                       ; 2.78e-08 V                   ; 2.71 V              ; -0.0349 V           ; 0.253 V                              ; 0.069 V                              ; 4.96e-10 s                  ; 5.19e-10 s                  ; No                         ; Yes                        ; 2.62 V                      ; 2.78e-08 V                  ; 2.71 V             ; -0.0349 V          ; 0.253 V                             ; 0.069 V                             ; 4.96e-10 s                 ; 5.19e-10 s                 ; No                        ; Yes                       ;
; z             ; 2.5 V        ; 0 s                 ; 0 s                 ; 2.62 V                       ; 2.78e-08 V                   ; 2.71 V              ; -0.0349 V           ; 0.253 V                              ; 0.069 V                              ; 4.96e-10 s                  ; 5.19e-10 s                  ; No                         ; Yes                        ; 2.62 V                      ; 2.78e-08 V                  ; 2.71 V             ; -0.0349 V          ; 0.253 V                             ; 0.069 V                             ; 4.96e-10 s                 ; 5.19e-10 s                 ; No                        ; Yes                       ;
; d[6]          ; 2.5 V        ; 0 s                 ; 0 s                 ; 2.62 V                       ; 4.11e-08 V                   ; 2.73 V              ; -0.0566 V           ; 0.191 V                              ; 0.12 V                               ; 2.69e-10 s                  ; 2.76e-10 s                  ; Yes                        ; Yes                        ; 2.62 V                      ; 4.11e-08 V                  ; 2.73 V             ; -0.0566 V          ; 0.191 V                             ; 0.12 V                              ; 2.69e-10 s                 ; 2.76e-10 s                 ; Yes                       ; Yes                       ;
; d[5]          ; 2.5 V        ; 0 s                 ; 0 s                 ; 2.62 V                       ; 4.11e-08 V                   ; 2.73 V              ; -0.0566 V           ; 0.191 V                              ; 0.12 V                               ; 2.69e-10 s                  ; 2.76e-10 s                  ; Yes                        ; Yes                        ; 2.62 V                      ; 4.11e-08 V                  ; 2.73 V             ; -0.0566 V          ; 0.191 V                             ; 0.12 V                              ; 2.69e-10 s                 ; 2.76e-10 s                 ; Yes                       ; Yes                       ;
; d[4]          ; 2.5 V        ; 0 s                 ; 0 s                 ; 2.62 V                       ; 4.11e-08 V                   ; 2.73 V              ; -0.0566 V           ; 0.191 V                              ; 0.12 V                               ; 2.69e-10 s                  ; 2.76e-10 s                  ; Yes                        ; Yes                        ; 2.62 V                      ; 4.11e-08 V                  ; 2.73 V             ; -0.0566 V          ; 0.191 V                             ; 0.12 V                              ; 2.69e-10 s                 ; 2.76e-10 s                 ; Yes                       ; Yes                       ;
; d[3]          ; 2.5 V        ; 0 s                 ; 0 s                 ; 2.62 V                       ; 4.11e-08 V                   ; 2.73 V              ; -0.0566 V           ; 0.191 V                              ; 0.12 V                               ; 2.69e-10 s                  ; 2.76e-10 s                  ; Yes                        ; Yes                        ; 2.62 V                      ; 4.11e-08 V                  ; 2.73 V             ; -0.0566 V          ; 0.191 V                             ; 0.12 V                              ; 2.69e-10 s                 ; 2.76e-10 s                 ; Yes                       ; Yes                       ;
; d[2]          ; 2.5 V        ; 0 s                 ; 0 s                 ; 2.62 V                       ; 4.11e-08 V                   ; 2.73 V              ; -0.0566 V           ; 0.191 V                              ; 0.12 V                               ; 2.69e-10 s                  ; 2.76e-10 s                  ; Yes                        ; Yes                        ; 2.62 V                      ; 4.11e-08 V                  ; 2.73 V             ; -0.0566 V          ; 0.191 V                             ; 0.12 V                              ; 2.69e-10 s                 ; 2.76e-10 s                 ; Yes                       ; Yes                       ;
; d[1]          ; 2.5 V        ; 0 s                 ; 0 s                 ; 2.62 V                       ; 4.11e-08 V                   ; 2.73 V              ; -0.0566 V           ; 0.191 V                              ; 0.12 V                               ; 2.69e-10 s                  ; 2.76e-10 s                  ; Yes                        ; Yes                        ; 2.62 V                      ; 4.11e-08 V                  ; 2.73 V             ; -0.0566 V          ; 0.191 V                             ; 0.12 V                              ; 2.69e-10 s                 ; 2.76e-10 s                 ; Yes                       ; Yes                       ;
; d[0]          ; 2.5 V        ; 0 s                 ; 0 s                 ; 2.62 V                       ; 4.11e-08 V                   ; 2.73 V              ; -0.0566 V           ; 0.191 V                              ; 0.12 V                               ; 2.69e-10 s                  ; 2.76e-10 s                  ; Yes                        ; Yes                        ; 2.62 V                      ; 4.11e-08 V                  ; 2.73 V             ; -0.0566 V          ; 0.191 V                             ; 0.12 V                              ; 2.69e-10 s                 ; 2.76e-10 s                 ; Yes                       ; Yes                       ;
; ~ALTERA_DCLK~ ; 2.5 V        ; 0 s                 ; 0 s                 ; 2.62 V                       ; 2.22e-08 V                   ; 2.72 V              ; -0.0747 V           ; 0.28 V                               ; 0.169 V                              ; 3.1e-10 s                   ; 3.01e-10 s                  ; No                         ; Yes                        ; 2.62 V                      ; 2.22e-08 V                  ; 2.72 V             ; -0.0747 V          ; 0.28 V                              ; 0.169 V                             ; 3.1e-10 s                  ; 3.01e-10 s                 ; No                        ; Yes                       ;
; ~ALTERA_nCEO~ ; 2.5 V        ; 0 s                 ; 0 s                 ; 2.62 V                       ; 3.53e-08 V                   ; 2.7 V               ; -0.0212 V           ; 0.204 V                              ; 0.049 V                              ; 4.85e-10 s                  ; 6.73e-10 s                  ; No                         ; Yes                        ; 2.62 V                      ; 3.53e-08 V                  ; 2.7 V              ; -0.0212 V          ; 0.204 V                             ; 0.049 V                             ; 4.85e-10 s                 ; 6.73e-10 s                 ; No                        ; Yes                       ;
+---------------+--------------+---------------------+---------------------+------------------------------+------------------------------+---------------------+---------------------+--------------------------------------+--------------------------------------+-----------------------------+-----------------------------+----------------------------+----------------------------+-----------------------------+-----------------------------+--------------------+--------------------+-------------------------------------+-------------------------------------+----------------------------+----------------------------+---------------------------+---------------------------+


-------------------
; Clock Transfers ;
-------------------
Nothing to report.


---------------
; Report TCCS ;
---------------
No dedicated SERDES Transmitter circuitry present in device or used in design


---------------
; Report RSKM ;
---------------
No dedicated SERDES Receiver circuitry present in device or used in design


+------------------------------------------------+
; Unconstrained Paths                            ;
+---------------------------------+-------+------+
; Property                        ; Setup ; Hold ;
+---------------------------------+-------+------+
; Illegal Clocks                  ; 0     ; 0    ;
; Unconstrained Clocks            ; 0     ; 0    ;
; Unconstrained Input Ports       ; 10    ; 10   ;
; Unconstrained Input Port Paths  ; 90    ; 90   ;
; Unconstrained Output Ports      ; 9     ; 9    ;
; Unconstrained Output Port Paths ; 90    ; 90   ;
+---------------------------------+-------+------+


+------------------------------------+
; TimeQuest Timing Analyzer Messages ;
+------------------------------------+
Info: *******************************************************************
Info: Running Quartus II 64-Bit TimeQuest Timing Analyzer
    Info: Version 13.0.1 Build 232 06/12/2013 Service Pack 1 SJ Web Edition
    Info: Processing started: Wed Dec 06 21:27:39 2023
Info: Command: quartus_sta ULA_DISPLAY -c ULA_DISPLAY
Info: qsta_default_script.tcl version: #1
Warning (20028): Parallel compilation is not licensed and has been disabled
Info (21077): Core supply voltage is 1.2V
Info (21077): Low junction temperature is 0 degrees C
Info (21077): High junction temperature is 85 degrees C
Critical Warning (332012): Synopsys Design Constraints File file not found: 'ULA_DISPLAY.sdc'. A Synopsys Design Constraints File is required by the TimeQuest Timing Analyzer to get proper timing constraints. Without it, the Compiler will not properly optimize the design.
Info (332142): No user constrained base clocks found in the design. Calling "derive_clocks -period 1.0"
Info (332096): The command derive_clocks did not find any clocks to derive.  No clocks were created or changed.
Warning (332068): No clocks defined in design.
Info (332143): No user constrained clock uncertainty found in the design. Calling "derive_clock_uncertainty"
Info (332154): The derive_clock_uncertainty command did not apply clock uncertainty to any clock-to-clock transfers.
Info: Found TIMEQUEST_REPORT_SCRIPT_INCLUDE_DEFAULT_ANALYSIS = ON
Info (332159): No clocks to report
Info: Analyzing Slow 1200mV 85C Model
Info (332140): No fmax paths to report
Info (332140): No Setup paths to report
Info (332140): No Hold paths to report
Info (332140): No Recovery paths to report
Info (332140): No Removal paths to report
Info (332140): No Minimum Pulse Width paths to report
Info: Analyzing Slow 1200mV 0C Model
Info (334003): Started post-fitting delay annotation
Info (334004): Delay annotation completed successfully
Info (332142): No user constrained base clocks found in the design. Calling "derive_clocks -period 1.0"
Info (332096): The command derive_clocks did not find any clocks to derive.  No clocks were created or changed.
Warning (332068): No clocks defined in design.
Info (332154): The derive_clock_uncertainty command did not apply clock uncertainty to any clock-to-clock transfers.
Info (332140): No fmax paths to report
Info (332140): No Setup paths to report
Info (332140): No Hold paths to report
Info (332140): No Recovery paths to report
Info (332140): No Removal paths to report
Info (332140): No Minimum Pulse Width paths to report
Info: Analyzing Fast 1200mV 0C Model
Info (332142): No user constrained base clocks found in the design. Calling "derive_clocks -period 1.0"
Info (332096): The command derive_clocks did not find any clocks to derive.  No clocks were created or changed.
Warning (332068): No clocks defined in design.
Info (332154): The derive_clock_uncertainty command did not apply clock uncertainty to any clock-to-clock transfers.
Info (332140): No Setup paths to report
Info (332140): No Hold paths to report
Info (332140): No Recovery paths to report
Info (332140): No Removal paths to report
Info (332140): No Minimum Pulse Width paths to report
Info (332102): Design is not fully constrained for setup requirements
Info (332102): Design is not fully constrained for hold requirements
Info: Quartus II 64-Bit TimeQuest Timing Analyzer was successful. 0 errors, 5 warnings
    Info: Peak virtual memory: 4588 megabytes
    Info: Processing ended: Wed Dec 06 21:27:40 2023
    Info: Elapsed time: 00:00:01
    Info: Total CPU time (on all processors): 00:00:01


